<?xml version="1.0" encoding="UTF-8"?>
<coverage generated="1625147679248" clover="3.2.0">
  <project timestamp="1625147679248" name="All files">
    <metrics statements="177" coveredstatements="156" conditionals="65" coveredconditionals="49" methods="42" coveredmethods="28" elements="284" coveredelements="233" complexity="0" loc="177" ncloc="177" packages="1" files="4" classes="4"/>
    <file name="calculation.ts" path="/Users/archersado/workspace/mygit/hit/src/calculation.ts">
      <metrics statements="73" coveredstatements="56" conditionals="33" coveredconditionals="23" methods="21" coveredmethods="9"/>
      <line num="1" count="1" type="stmt"/>
      <line num="23" count="1" type="stmt"/>
      <line num="27" count="1" type="stmt"/>
      <line num="28" count="1" type="stmt"/>
      <line num="29" count="1" type="stmt"/>
      <line num="30" count="16" type="stmt"/>
      <line num="31" count="16" type="stmt"/>
      <line num="33" count="16" type="stmt"/>
      <line num="35" count="1" type="stmt"/>
      <line num="36" count="7" type="cond" truecount="3" falsecount="1"/>
      <line num="37" count="0" type="stmt"/>
      <line num="40" count="7" type="stmt"/>
      <line num="42" count="1" type="stmt"/>
      <line num="44" count="1" type="stmt"/>
      <line num="45" count="0" type="stmt"/>
      <line num="47" count="1" type="stmt"/>
      <line num="49" count="1" type="stmt"/>
      <line num="50" count="8" type="stmt"/>
      <line num="52" count="1" type="stmt"/>
      <line num="54" count="1" type="stmt"/>
      <line num="55" count="0" type="stmt"/>
      <line num="57" count="1" type="stmt"/>
      <line num="59" count="1" type="stmt"/>
      <line num="60" count="1" type="cond" truecount="2" falsecount="0"/>
      <line num="62" count="1" type="stmt"/>
      <line num="64" count="1" type="stmt"/>
      <line num="65" count="0" type="cond" truecount="0" falsecount="2"/>
      <line num="67" count="1" type="stmt"/>
      <line num="69" count="1" type="stmt"/>
      <line num="70" count="1" type="stmt"/>
      <line num="72" count="1" type="stmt"/>
      <line num="74" count="1" type="stmt"/>
      <line num="75" count="0" type="stmt"/>
      <line num="77" count="1" type="stmt"/>
      <line num="79" count="1" type="stmt"/>
      <line num="80" count="1" type="stmt"/>
      <line num="82" count="1" type="stmt"/>
      <line num="84" count="1" type="stmt"/>
      <line num="85" count="0" type="stmt"/>
      <line num="87" count="1" type="stmt"/>
      <line num="89" count="1" type="stmt"/>
      <line num="90" count="0" type="stmt"/>
      <line num="92" count="1" type="stmt"/>
      <line num="94" count="1" type="stmt"/>
      <line num="95" count="0" type="stmt"/>
      <line num="97" count="1" type="stmt"/>
      <line num="99" count="1" type="stmt"/>
      <line num="100" count="0" type="stmt"/>
      <line num="102" count="1" type="stmt"/>
      <line num="104" count="1" type="stmt"/>
      <line num="105" count="2" type="stmt"/>
      <line num="107" count="1" type="stmt"/>
      <line num="109" count="1" type="stmt"/>
      <line num="110" count="0" type="stmt"/>
      <line num="112" count="1" type="stmt"/>
      <line num="114" count="1" type="stmt"/>
      <line num="115" count="0" type="stmt"/>
      <line num="117" count="1" type="stmt"/>
      <line num="119" count="0" type="stmt"/>
      <line num="121" count="16" type="cond" truecount="1" falsecount="1"/>
      <line num="122" count="16" type="stmt"/>
      <line num="123" count="16" type="stmt"/>
      <line num="126" count="1" type="stmt"/>
      <line num="130" count="21" type="stmt"/>
      <line num="134" count="0" type="cond" truecount="0" falsecount="2"/>
      <line num="135" count="0" type="stmt"/>
      <line num="137" count="0" type="stmt"/>
      <line num="141" count="0" type="stmt"/>
      <line num="146" count="20" type="stmt"/>
      <line num="148" count="20" type="cond" truecount="1" falsecount="1"/>
      <line num="150" count="20" type="stmt"/>
      <line num="151" count="20" type="stmt"/>
      <line num="153" count="0" type="cond" truecount="0" falsecount="2"/>
    </file>
    <file name="expression.ts" path="/Users/archersado/workspace/mygit/hit/src/expression.ts">
      <metrics statements="63" coveredstatements="63" conditionals="20" coveredconditionals="19" methods="9" coveredmethods="9"/>
      <line num="2" count="1" type="stmt"/>
      <line num="5" count="1" type="cond" truecount="2" falsecount="0"/>
      <line num="6" count="1" type="stmt"/>
      <line num="7" count="1" type="stmt"/>
      <line num="10" count="1" type="stmt"/>
      <line num="20" count="21" type="stmt"/>
      <line num="21" count="21" type="stmt"/>
      <line num="22" count="21" type="stmt"/>
      <line num="23" count="21" type="stmt"/>
      <line num="24" count="21" type="stmt"/>
      <line num="25" count="21" type="stmt"/>
      <line num="26" count="21" type="stmt"/>
      <line num="30" count="13" type="stmt"/>
      <line num="34" count="41" type="stmt"/>
      <line num="35" count="41" type="cond" truecount="2" falsecount="0"/>
      <line num="36" count="41" type="stmt"/>
      <line num="40" count="193" type="stmt"/>
      <line num="44" count="20" type="stmt"/>
      <line num="45" count="20" type="stmt"/>
      <line num="46" count="20" type="stmt"/>
      <line num="47" count="20" type="stmt"/>
      <line num="49" count="20" type="stmt"/>
      <line num="53" count="21" type="stmt"/>
      <line num="54" count="21" type="stmt"/>
      <line num="55" count="21" type="stmt"/>
      <line num="56" count="21" type="stmt"/>
      <line num="58" count="21" type="stmt"/>
      <line num="59" count="200" type="stmt"/>
      <line num="61" count="200" type="cond" truecount="2" falsecount="0"/>
      <line num="62" count="7" type="stmt"/>
      <line num="63" count="7" type="stmt"/>
      <line num="64" count="7" type="stmt"/>
      <line num="65" count="7" type="cond" truecount="1" falsecount="1"/>
      <line num="66" count="7" type="stmt"/>
      <line num="67" count="7" type="stmt"/>
      <line num="69" count="7" type="stmt"/>
      <line num="70" count="7" type="stmt"/>
      <line num="71" count="7" type="stmt"/>
      <line num="72" count="7" type="stmt"/>
      <line num="73" count="7" type="stmt"/>
      <line num="77" count="193" type="cond" truecount="2" falsecount="0"/>
      <line num="78" count="18" type="stmt"/>
      <line num="79" count="288" type="stmt"/>
      <line num="80" count="18" type="cond" truecount="2" falsecount="0"/>
      <line num="81" count="5" type="stmt"/>
      <line num="83" count="13" type="stmt"/>
      <line num="84" count="13" type="stmt"/>
      <line num="85" count="13" type="cond" truecount="2" falsecount="0"/>
      <line num="86" count="13" type="cond" truecount="2" falsecount="0"/>
      <line num="87" count="13" type="stmt"/>
      <line num="88" count="13" type="stmt"/>
      <line num="89" count="13" type="stmt"/>
      <line num="92" count="2800" type="stmt"/>
      <line num="93" count="175" type="cond" truecount="2" falsecount="0"/>
      <line num="94" count="20" type="stmt"/>
      <line num="95" count="20" type="stmt"/>
      <line num="96" count="20" type="stmt"/>
      <line num="98" count="175" type="stmt"/>
      <line num="100" count="193" type="stmt"/>
      <line num="102" count="21" type="cond" truecount="2" falsecount="0"/>
      <line num="104" count="21" type="stmt"/>
      <line num="105" count="19" type="stmt"/>
      <line num="108" count="21" type="stmt"/>
    </file>
    <file name="index.ts" path="/Users/archersado/workspace/mygit/hit/src/index.ts">
      <metrics statements="13" coveredstatements="13" conditionals="0" coveredconditionals="0" methods="2" coveredmethods="2"/>
      <line num="1" count="1" type="stmt"/>
      <line num="2" count="1" type="stmt"/>
      <line num="3" count="1" type="stmt"/>
      <line num="5" count="1" type="stmt"/>
      <line num="6" count="1" type="stmt"/>
      <line num="7" count="1" type="stmt"/>
      <line num="8" count="1" type="stmt"/>
      <line num="14" count="1" type="stmt"/>
      <line num="15" count="1" type="stmt"/>
      <line num="17" count="1" type="stmt"/>
      <line num="21" count="14" type="stmt"/>
      <line num="22" count="14" type="stmt"/>
      <line num="25" count="14" type="stmt"/>
    </file>
    <file name="param_parser.ts" path="/Users/archersado/workspace/mygit/hit/src/param_parser.ts">
      <metrics statements="28" coveredstatements="24" conditionals="12" coveredconditionals="7" methods="10" coveredmethods="8"/>
      <line num="1" count="1" type="stmt"/>
      <line num="5" count="1" type="cond" truecount="2" falsecount="0"/>
      <line num="6" count="1" type="stmt"/>
      <line num="7" count="1" type="stmt"/>
      <line num="11" count="1" type="stmt"/>
      <line num="14" count="1" type="stmt"/>
      <line num="15" count="1" type="stmt"/>
      <line num="16" count="15" type="stmt"/>
      <line num="17" count="15" type="stmt"/>
      <line num="18" count="15" type="cond" truecount="2" falsecount="0"/>
      <line num="19" count="1" type="stmt"/>
      <line num="22" count="14" type="stmt"/>
      <line num="24" count="1" type="stmt"/>
      <line num="25" count="19" type="stmt"/>
      <line num="26" count="19" type="stmt"/>
      <line num="27" count="19" type="cond" truecount="2" falsecount="0"/>
      <line num="28" count="13" type="stmt"/>
      <line num="31" count="6" type="stmt"/>
      <line num="33" count="1" type="stmt"/>
      <line num="38" count="0" type="cond" truecount="0" falsecount="2"/>
      <line num="39" count="0" type="stmt"/>
      <line num="44" count="0" type="stmt"/>
      <line num="49" count="14" type="stmt"/>
      <line num="51" count="14" type="cond" truecount="1" falsecount="1"/>
      <line num="53" count="14" type="stmt"/>
      <line num="54" count="34" type="stmt"/>
      <line num="55" count="34" type="stmt"/>
      <line num="57" count="0" type="cond" truecount="0" falsecount="2"/>
    </file>
  </project>
</coverage>
