<?xml version="1.0" encoding="UTF-8"?>
<coverage generated="1626075822143" clover="3.2.0">
  <project timestamp="1626075822143" name="All files">
    <metrics statements="208" coveredstatements="186" conditionals="89" coveredconditionals="71" methods="45" coveredmethods="31" elements="342" coveredelements="288" complexity="0" loc="208" ncloc="208" packages="1" files="4" classes="4"/>
    <file name="calculation.ts" path="/Users/archersado/workspace/mygit/hit/src/calculation.ts">
      <metrics statements="74" coveredstatements="56" conditionals="33" coveredconditionals="23" methods="21" coveredmethods="9"/>
      <line num="1" count="1" type="stmt"/>
      <line num="23" count="1" type="stmt"/>
      <line num="27" count="1" type="stmt"/>
      <line num="28" count="1" type="stmt"/>
      <line num="29" count="1" type="stmt"/>
      <line num="30" count="16" type="stmt"/>
      <line num="31" count="16" type="stmt"/>
      <line num="33" count="16" type="stmt"/>
      <line num="35" count="1" type="stmt"/>
      <line num="36" count="7" type="cond" truecount="3" falsecount="1"/>
      <line num="37" count="0" type="stmt"/>
      <line num="40" count="7" type="stmt"/>
      <line num="42" count="1" type="stmt"/>
      <line num="44" count="1" type="stmt"/>
      <line num="45" count="0" type="stmt"/>
      <line num="47" count="1" type="stmt"/>
      <line num="49" count="1" type="stmt"/>
      <line num="50" count="8" type="stmt"/>
      <line num="52" count="1" type="stmt"/>
      <line num="54" count="1" type="stmt"/>
      <line num="55" count="0" type="stmt"/>
      <line num="57" count="1" type="stmt"/>
      <line num="59" count="1" type="stmt"/>
      <line num="60" count="1" type="cond" truecount="2" falsecount="0"/>
      <line num="62" count="1" type="stmt"/>
      <line num="64" count="1" type="stmt"/>
      <line num="65" count="0" type="cond" truecount="0" falsecount="2"/>
      <line num="67" count="1" type="stmt"/>
      <line num="69" count="1" type="stmt"/>
      <line num="70" count="1" type="stmt"/>
      <line num="72" count="1" type="stmt"/>
      <line num="74" count="1" type="stmt"/>
      <line num="75" count="0" type="stmt"/>
      <line num="77" count="1" type="stmt"/>
      <line num="79" count="1" type="stmt"/>
      <line num="80" count="1" type="stmt"/>
      <line num="82" count="1" type="stmt"/>
      <line num="84" count="1" type="stmt"/>
      <line num="85" count="0" type="stmt"/>
      <line num="87" count="1" type="stmt"/>
      <line num="89" count="1" type="stmt"/>
      <line num="90" count="0" type="stmt"/>
      <line num="92" count="1" type="stmt"/>
      <line num="94" count="1" type="stmt"/>
      <line num="95" count="0" type="stmt"/>
      <line num="97" count="1" type="stmt"/>
      <line num="99" count="1" type="stmt"/>
      <line num="100" count="0" type="stmt"/>
      <line num="102" count="1" type="stmt"/>
      <line num="104" count="1" type="stmt"/>
      <line num="105" count="2" type="stmt"/>
      <line num="107" count="1" type="stmt"/>
      <line num="109" count="1" type="stmt"/>
      <line num="110" count="0" type="stmt"/>
      <line num="112" count="1" type="stmt"/>
      <line num="114" count="1" type="stmt"/>
      <line num="115" count="0" type="stmt"/>
      <line num="117" count="1" type="stmt"/>
      <line num="119" count="0" type="stmt"/>
      <line num="121" count="16" type="cond" truecount="1" falsecount="1"/>
      <line num="122" count="16" type="stmt"/>
      <line num="123" count="16" type="stmt"/>
      <line num="126" count="1" type="stmt"/>
      <line num="130" count="25" type="stmt"/>
      <line num="134" count="0" type="cond" truecount="0" falsecount="2"/>
      <line num="135" count="0" type="stmt"/>
      <line num="137" count="0" type="stmt"/>
      <line num="138" count="0" type="stmt"/>
      <line num="142" count="0" type="stmt"/>
      <line num="147" count="20" type="stmt"/>
      <line num="149" count="20" type="cond" truecount="1" falsecount="1"/>
      <line num="151" count="20" type="stmt"/>
      <line num="152" count="20" type="stmt"/>
      <line num="154" count="0" type="cond" truecount="0" falsecount="2"/>
    </file>
    <file name="expression.ts" path="/Users/archersado/workspace/mygit/hit/src/expression.ts">
      <metrics statements="76" coveredstatements="76" conditionals="30" coveredconditionals="29" methods="10" coveredmethods="10"/>
      <line num="2" count="1" type="stmt"/>
      <line num="5" count="1" type="cond" truecount="2" falsecount="0"/>
      <line num="6" count="1" type="stmt"/>
      <line num="7" count="1" type="stmt"/>
      <line num="10" count="1" type="stmt"/>
      <line num="20" count="25" type="stmt"/>
      <line num="21" count="25" type="stmt"/>
      <line num="22" count="25" type="stmt"/>
      <line num="23" count="25" type="stmt"/>
      <line num="24" count="25" type="stmt"/>
      <line num="25" count="25" type="stmt"/>
      <line num="26" count="25" type="stmt"/>
      <line num="30" count="13" type="stmt"/>
      <line num="34" count="52" type="cond" truecount="2" falsecount="0"/>
      <line num="35" count="45" type="stmt"/>
      <line num="36" count="45" type="cond" truecount="2" falsecount="0"/>
      <line num="38" count="45" type="stmt"/>
      <line num="42" count="231" type="stmt"/>
      <line num="46" count="20" type="stmt"/>
      <line num="47" count="20" type="stmt"/>
      <line num="48" count="20" type="stmt"/>
      <line num="49" count="20" type="stmt"/>
      <line num="51" count="20" type="stmt"/>
      <line num="55" count="7" type="stmt"/>
      <line num="56" count="7" type="stmt"/>
      <line num="57" count="7" type="stmt"/>
      <line num="58" count="7" type="stmt"/>
      <line num="59" count="7" type="cond" truecount="2" falsecount="0"/>
      <line num="60" count="64" type="stmt"/>
      <line num="61" count="64" type="cond" truecount="2" falsecount="0"/>
      <line num="62" count="3" type="stmt"/>
      <line num="64" count="64" type="cond" truecount="2" falsecount="0"/>
      <line num="65" count="10" type="stmt"/>
      <line num="67" count="64" type="stmt"/>
      <line num="69" count="7" type="cond" truecount="3" falsecount="1"/>
      <line num="70" count="7" type="stmt"/>
      <line num="72" count="7" type="stmt"/>
      <line num="73" count="7" type="stmt"/>
      <line num="77" count="25" type="stmt"/>
      <line num="78" count="25" type="stmt"/>
      <line num="79" count="25" type="stmt"/>
      <line num="80" count="25" type="stmt"/>
      <line num="82" count="25" type="stmt"/>
      <line num="83" count="238" type="stmt"/>
      <line num="85" count="238" type="cond" truecount="2" falsecount="0"/>
      <line num="86" count="7" type="cond" truecount="2" falsecount="0"/>
      <line num="87" count="7" type="stmt"/>
      <line num="89" count="7" type="stmt"/>
      <line num="91" count="7" type="stmt"/>
      <line num="92" count="7" type="stmt"/>
      <line num="93" count="7" type="stmt"/>
      <line num="94" count="7" type="stmt"/>
      <line num="95" count="7" type="stmt"/>
      <line num="98" count="231" type="cond" truecount="2" falsecount="0"/>
      <line num="99" count="18" type="stmt"/>
      <line num="100" count="288" type="stmt"/>
      <line num="101" count="18" type="cond" truecount="2" falsecount="0"/>
      <line num="102" count="5" type="stmt"/>
      <line num="104" count="13" type="stmt"/>
      <line num="105" count="13" type="stmt"/>
      <line num="106" count="13" type="cond" truecount="2" falsecount="0"/>
      <line num="107" count="13" type="cond" truecount="2" falsecount="0"/>
      <line num="108" count="13" type="stmt"/>
      <line num="109" count="13" type="stmt"/>
      <line num="110" count="13" type="stmt"/>
      <line num="113" count="3408" type="stmt"/>
      <line num="114" count="213" type="cond" truecount="2" falsecount="0"/>
      <line num="115" count="20" type="stmt"/>
      <line num="116" count="20" type="stmt"/>
      <line num="117" count="20" type="stmt"/>
      <line num="119" count="213" type="stmt"/>
      <line num="121" count="231" type="stmt"/>
      <line num="123" count="25" type="stmt"/>
      <line num="125" count="25" type="stmt"/>
      <line num="126" count="19" type="stmt"/>
      <line num="129" count="25" type="stmt"/>
    </file>
    <file name="index.ts" path="/Users/archersado/workspace/mygit/hit/src/index.ts">
      <metrics statements="13" coveredstatements="13" conditionals="0" coveredconditionals="0" methods="2" coveredmethods="2"/>
      <line num="1" count="1" type="stmt"/>
      <line num="2" count="1" type="stmt"/>
      <line num="3" count="1" type="stmt"/>
      <line num="5" count="1" type="stmt"/>
      <line num="6" count="1" type="stmt"/>
      <line num="7" count="1" type="stmt"/>
      <line num="8" count="1" type="stmt"/>
      <line num="14" count="1" type="stmt"/>
      <line num="15" count="1" type="stmt"/>
      <line num="17" count="1" type="stmt"/>
      <line num="21" count="18" type="stmt"/>
      <line num="22" count="18" type="stmt"/>
      <line num="25" count="18" type="stmt"/>
    </file>
    <file name="param_parser.ts" path="/Users/archersado/workspace/mygit/hit/src/param_parser.ts">
      <metrics statements="45" coveredstatements="41" conditionals="26" coveredconditionals="19" methods="12" coveredmethods="10"/>
      <line num="1" count="1" type="stmt"/>
      <line num="5" count="1" type="cond" truecount="2" falsecount="0"/>
      <line num="6" count="1" type="stmt"/>
      <line num="7" count="1" type="stmt"/>
      <line num="11" count="6" type="cond" truecount="4" falsecount="0"/>
      <line num="15" count="1" type="stmt"/>
      <line num="18" count="1" type="stmt"/>
      <line num="19" count="1" type="stmt"/>
      <line num="20" count="17" type="stmt"/>
      <line num="21" count="17" type="stmt"/>
      <line num="22" count="17" type="cond" truecount="2" falsecount="0"/>
      <line num="23" count="3" type="stmt"/>
      <line num="24" count="3" type="stmt"/>
      <line num="25" count="3" type="stmt"/>
      <line num="26" count="3" type="stmt"/>
      <line num="27" count="3" type="stmt"/>
      <line num="30" count="3" type="stmt"/>
      <line num="31" count="3" type="cond" truecount="1" falsecount="1"/>
      <line num="32" count="3" type="cond" truecount="2" falsecount="0"/>
      <line num="33" count="2" type="cond" truecount="1" falsecount="1"/>
      <line num="35" count="2" type="stmt"/>
      <line num="38" count="14" type="stmt"/>
      <line num="40" count="1" type="stmt"/>
      <line num="41" count="21" type="stmt"/>
      <line num="42" count="21" type="stmt"/>
      <line num="43" count="15" type="stmt"/>
      <line num="44" count="15" type="stmt"/>
      <line num="46" count="15" type="stmt"/>
      <line num="49" count="21" type="stmt"/>
      <line num="50" count="21" type="stmt"/>
      <line num="51" count="21" type="stmt"/>
      <line num="52" count="21" type="cond" truecount="2" falsecount="0"/>
      <line num="53" count="15" type="cond" truecount="2" falsecount="0"/>
      <line num="54" count="4" type="cond" truecount="2" falsecount="0"/>
      <line num="56" count="8" type="stmt"/>
      <line num="58" count="1" type="stmt"/>
      <line num="63" count="0" type="cond" truecount="0" falsecount="2"/>
      <line num="64" count="0" type="stmt"/>
      <line num="69" count="0" type="stmt"/>
      <line num="74" count="18" type="stmt"/>
      <line num="76" count="18" type="cond" truecount="1" falsecount="1"/>
      <line num="78" count="18" type="stmt"/>
      <line num="79" count="38" type="stmt"/>
      <line num="80" count="38" type="stmt"/>
      <line num="82" count="0" type="cond" truecount="0" falsecount="2"/>
    </file>
  </project>
</coverage>
