{"/Users/archersado/workspace/mygit/hit/src/calculation.ts": {"path":"/Users/archersado/workspace/mygit/hit/src/calculation.ts","statementMap":{"0":{"start":{"line":1,"column":13},"end":{"line":18,"column":null}},"1":{"start":{"line":27,"column":8},"end":{"line":27,"column":28}},"2":{"start":{"line":28,"column":8},"end":{"line":28,"column":38}},"3":{"start":{"line":29,"column":8},"end":{"line":125,"column":null}},"4":{"start":{"line":30,"column":30},"end":{"line":30,"column":44}},"5":{"start":{"line":31,"column":38},"end":{"line":31,"column":47}},"6":{"start":{"line":33,"column":12},"end":{"line":120,"column":null}},"7":{"start":{"line":35,"column":20},"end":{"line":41,"column":null}},"8":{"start":{"line":36,"column":24},"end":{"line":38,"column":null}},"9":{"start":{"line":37,"column":28},"end":{"line":37,"column":48}},"10":{"start":{"line":40,"column":24},"end":{"line":40,"column":50}},"11":{"start":{"line":42,"column":20},"end":{"line":42,"column":26}},"12":{"start":{"line":44,"column":20},"end":{"line":46,"column":22}},"13":{"start":{"line":45,"column":24},"end":{"line":45,"column":50}},"14":{"start":{"line":47,"column":20},"end":{"line":47,"column":26}},"15":{"start":{"line":49,"column":20},"end":{"line":51,"column":22}},"16":{"start":{"line":50,"column":24},"end":{"line":50,"column":46}},"17":{"start":{"line":52,"column":20},"end":{"line":52,"column":26}},"18":{"start":{"line":54,"column":20},"end":{"line":56,"column":22}},"19":{"start":{"line":55,"column":24},"end":{"line":55,"column":45}},"20":{"start":{"line":57,"column":20},"end":{"line":57,"column":26}},"21":{"start":{"line":59,"column":20},"end":{"line":61,"column":22}},"22":{"start":{"line":60,"column":24},"end":{"line":60,"column":49}},"23":{"start":{"line":62,"column":20},"end":{"line":62,"column":26}},"24":{"start":{"line":64,"column":20},"end":{"line":66,"column":22}},"25":{"start":{"line":65,"column":24},"end":{"line":65,"column":49}},"26":{"start":{"line":67,"column":20},"end":{"line":67,"column":26}},"27":{"start":{"line":69,"column":20},"end":{"line":71,"column":22}},"28":{"start":{"line":70,"column":24},"end":{"line":70,"column":44}},"29":{"start":{"line":72,"column":20},"end":{"line":72,"column":26}},"30":{"start":{"line":74,"column":20},"end":{"line":76,"column":22}},"31":{"start":{"line":75,"column":24},"end":{"line":75,"column":44}},"32":{"start":{"line":77,"column":20},"end":{"line":77,"column":26}},"33":{"start":{"line":79,"column":20},"end":{"line":81,"column":22}},"34":{"start":{"line":80,"column":24},"end":{"line":80,"column":44}},"35":{"start":{"line":82,"column":20},"end":{"line":82,"column":26}},"36":{"start":{"line":84,"column":20},"end":{"line":86,"column":22}},"37":{"start":{"line":85,"column":24},"end":{"line":85,"column":44}},"38":{"start":{"line":87,"column":20},"end":{"line":87,"column":26}},"39":{"start":{"line":89,"column":20},"end":{"line":91,"column":22}},"40":{"start":{"line":90,"column":24},"end":{"line":90,"column":45}},"41":{"start":{"line":92,"column":20},"end":{"line":92,"column":26}},"42":{"start":{"line":94,"column":20},"end":{"line":96,"column":22}},"43":{"start":{"line":95,"column":24},"end":{"line":95,"column":45}},"44":{"start":{"line":97,"column":20},"end":{"line":97,"column":26}},"45":{"start":{"line":99,"column":20},"end":{"line":101,"column":22}},"46":{"start":{"line":100,"column":24},"end":{"line":100,"column":45}},"47":{"start":{"line":102,"column":20},"end":{"line":102,"column":26}},"48":{"start":{"line":104,"column":20},"end":{"line":106,"column":22}},"49":{"start":{"line":105,"column":24},"end":{"line":105,"column":46}},"50":{"start":{"line":107,"column":20},"end":{"line":107,"column":26}},"51":{"start":{"line":109,"column":20},"end":{"line":111,"column":22}},"52":{"start":{"line":110,"column":24},"end":{"line":110,"column":45}},"53":{"start":{"line":112,"column":20},"end":{"line":112,"column":26}},"54":{"start":{"line":114,"column":20},"end":{"line":116,"column":22}},"55":{"start":{"line":115,"column":24},"end":{"line":115,"column":46}},"56":{"start":{"line":117,"column":20},"end":{"line":117,"column":26}},"57":{"start":{"line":119,"column":20},"end":{"line":119,"column":26}},"58":{"start":{"line":121,"column":12},"end":{"line":124,"column":null}},"59":{"start":{"line":122,"column":16},"end":{"line":122,"column":49}},"60":{"start":{"line":123,"column":16},"end":{"line":123,"column":58}},"61":{"start":{"line":126,"column":8},"end":{"line":126,"column":20}},"62":{"start":{"line":130,"column":8},"end":{"line":130,"column":30}},"63":{"start":{"line":134,"column":8},"end":{"line":136,"column":null}},"64":{"start":{"line":135,"column":12},"end":{"line":135,"column":55}},"65":{"start":{"line":137,"column":8},"end":{"line":137,"column":44}},"66":{"start":{"line":138,"column":8},"end":{"line":138,"column":51}},"67":{"start":{"line":142,"column":8},"end":{"line":142,"column":43}},"68":{"start":{"line":147,"column":28},"end":{"line":147,"column":59}},"69":{"start":{"line":149,"column":8},"end":{"line":149,"column":83}},"70":{"start":{"line":149,"column":26},"end":{"line":149,"column":83}},"71":{"start":{"line":151,"column":8},"end":{"line":155,"column":null}},"72":{"start":{"line":152,"column":12},"end":{"line":152,"column":44}},"73":{"start":{"line":154,"column":12},"end":{"line":154,"column":74}},"74":{"start":{"line":23,"column":0},"end":{"line":23,"column":21}}},"fnMap":{"0":{"name":"(anonymous_0)","decl":{"start":{"line":26,"column":4},"end":{"line":26,"column":null}},"loc":{"start":{"line":26,"column":4},"end":{"line":127,"column":5}}},"1":{"name":"(anonymous_1)","decl":{"start":{"line":35,"column":34},"end":{"line":35,"column":43}},"loc":{"start":{"line":35,"column":54},"end":{"line":41,"column":21}}},"2":{"name":"(anonymous_2)","decl":{"start":{"line":44,"column":34},"end":{"line":44,"column":43}},"loc":{"start":{"line":44,"column":54},"end":{"line":46,"column":21}}},"3":{"name":"(anonymous_3)","decl":{"start":{"line":49,"column":34},"end":{"line":49,"column":43}},"loc":{"start":{"line":49,"column":54},"end":{"line":51,"column":21}}},"4":{"name":"(anonymous_4)","decl":{"start":{"line":54,"column":34},"end":{"line":54,"column":43}},"loc":{"start":{"line":54,"column":54},"end":{"line":56,"column":21}}},"5":{"name":"(anonymous_5)","decl":{"start":{"line":59,"column":34},"end":{"line":59,"column":43}},"loc":{"start":{"line":59,"column":54},"end":{"line":61,"column":21}}},"6":{"name":"(anonymous_6)","decl":{"start":{"line":64,"column":34},"end":{"line":64,"column":43}},"loc":{"start":{"line":64,"column":54},"end":{"line":66,"column":21}}},"7":{"name":"(anonymous_7)","decl":{"start":{"line":69,"column":34},"end":{"line":69,"column":43}},"loc":{"start":{"line":69,"column":54},"end":{"line":71,"column":21}}},"8":{"name":"(anonymous_8)","decl":{"start":{"line":74,"column":34},"end":{"line":74,"column":43}},"loc":{"start":{"line":74,"column":54},"end":{"line":76,"column":21}}},"9":{"name":"(anonymous_9)","decl":{"start":{"line":79,"column":34},"end":{"line":79,"column":43}},"loc":{"start":{"line":79,"column":54},"end":{"line":81,"column":21}}},"10":{"name":"(anonymous_10)","decl":{"start":{"line":84,"column":34},"end":{"line":84,"column":43}},"loc":{"start":{"line":84,"column":54},"end":{"line":86,"column":21}}},"11":{"name":"(anonymous_11)","decl":{"start":{"line":89,"column":34},"end":{"line":89,"column":43}},"loc":{"start":{"line":89,"column":54},"end":{"line":91,"column":21}}},"12":{"name":"(anonymous_12)","decl":{"start":{"line":94,"column":34},"end":{"line":94,"column":43}},"loc":{"start":{"line":94,"column":54},"end":{"line":96,"column":21}}},"13":{"name":"(anonymous_13)","decl":{"start":{"line":99,"column":34},"end":{"line":99,"column":43}},"loc":{"start":{"line":99,"column":54},"end":{"line":101,"column":21}}},"14":{"name":"(anonymous_14)","decl":{"start":{"line":104,"column":34},"end":{"line":104,"column":43}},"loc":{"start":{"line":104,"column":54},"end":{"line":106,"column":21}}},"15":{"name":"(anonymous_15)","decl":{"start":{"line":109,"column":34},"end":{"line":109,"column":43}},"loc":{"start":{"line":109,"column":54},"end":{"line":111,"column":21}}},"16":{"name":"(anonymous_16)","decl":{"start":{"line":114,"column":34},"end":{"line":114,"column":43}},"loc":{"start":{"line":114,"column":54},"end":{"line":116,"column":21}}},"17":{"name":"(anonymous_17)","decl":{"start":{"line":129,"column":4},"end":{"line":129,"column":15}},"loc":{"start":{"line":129,"column":15},"end":{"line":131,"column":5}}},"18":{"name":"(anonymous_18)","decl":{"start":{"line":133,"column":4},"end":{"line":133,"column":7}},"loc":{"start":{"line":133,"column":68},"end":{"line":139,"column":5}}},"19":{"name":"(anonymous_19)","decl":{"start":{"line":141,"column":4},"end":{"line":141,"column":10}},"loc":{"start":{"line":141,"column":27},"end":{"line":143,"column":5}}},"20":{"name":"(anonymous_20)","decl":{"start":{"line":146,"column":4},"end":{"line":146,"column":7}},"loc":{"start":{"line":146,"column":29},"end":{"line":156,"column":5}}}},"branchMap":{"0":{"loc":{"start":{"line":34,"column":16},"end":{"line":42,"column":26}},"type":"switch","locations":[{"start":{"line":34,"column":16},"end":{"line":42,"column":26}},{"start":{"line":43,"column":16},"end":{"line":47,"column":26}},{"start":{"line":48,"column":16},"end":{"line":52,"column":26}},{"start":{"line":53,"column":16},"end":{"line":57,"column":26}},{"start":{"line":58,"column":16},"end":{"line":62,"column":26}},{"start":{"line":63,"column":16},"end":{"line":67,"column":26}},{"start":{"line":68,"column":16},"end":{"line":72,"column":26}},{"start":{"line":73,"column":16},"end":{"line":77,"column":26}},{"start":{"line":78,"column":16},"end":{"line":82,"column":26}},{"start":{"line":83,"column":16},"end":{"line":87,"column":26}},{"start":{"line":88,"column":16},"end":{"line":92,"column":26}},{"start":{"line":93,"column":16},"end":{"line":97,"column":26}},{"start":{"line":98,"column":16},"end":{"line":102,"column":26}},{"start":{"line":103,"column":16},"end":{"line":107,"column":26}},{"start":{"line":108,"column":16},"end":{"line":112,"column":26}},{"start":{"line":113,"column":16},"end":{"line":117,"column":26}},{"start":{"line":118,"column":16},"end":{"line":119,"column":26}}]},"1":{"loc":{"start":{"line":36,"column":24},"end":{"line":38,"column":null}},"type":"if","locations":[{"start":{"line":36,"column":24},"end":{"line":38,"column":null}},{"start":{"line":36,"column":24},"end":{"line":38,"column":null}}]},"2":{"loc":{"start":{"line":36,"column":28},"end":{"line":36,"column":40}},"type":"binary-expr","locations":[{"start":{"line":36,"column":28},"end":{"line":36,"column":40}},{"start":{"line":36,"column":44},"end":{"line":36,"column":57}}]},"3":{"loc":{"start":{"line":60,"column":31},"end":{"line":60,"column":37}},"type":"binary-expr","locations":[{"start":{"line":60,"column":31},"end":{"line":60,"column":37}},{"start":{"line":60,"column":41},"end":{"line":60,"column":48}}]},"4":{"loc":{"start":{"line":65,"column":31},"end":{"line":65,"column":37}},"type":"binary-expr","locations":[{"start":{"line":65,"column":31},"end":{"line":65,"column":37}},{"start":{"line":65,"column":41},"end":{"line":65,"column":48}}]},"5":{"loc":{"start":{"line":121,"column":12},"end":{"line":124,"column":null}},"type":"if","locations":[{"start":{"line":121,"column":12},"end":{"line":124,"column":null}},{"start":{"line":121,"column":12},"end":{"line":124,"column":null}}]},"6":{"loc":{"start":{"line":134,"column":8},"end":{"line":136,"column":null}},"type":"if","locations":[{"start":{"line":134,"column":8},"end":{"line":136,"column":null}},{"start":{"line":134,"column":8},"end":{"line":136,"column":null}}]},"7":{"loc":{"start":{"line":149,"column":8},"end":{"line":149,"column":83}},"type":"if","locations":[{"start":{"line":149,"column":8},"end":{"line":149,"column":83}},{"start":{"line":149,"column":8},"end":{"line":149,"column":83}}]},"8":{"loc":{"start":{"line":154,"column":37},"end":{"line":154,"column":46}},"type":"binary-expr","locations":[{"start":{"line":154,"column":37},"end":{"line":154,"column":46}},{"start":{"line":154,"column":50},"end":{"line":154,"column":51}}]}},"s":{"0":1,"1":1,"2":1,"3":1,"4":16,"5":16,"6":16,"7":1,"8":9,"9":0,"10":9,"11":1,"12":1,"13":1,"14":1,"15":1,"16":10,"17":1,"18":1,"19":0,"20":1,"21":1,"22":1,"23":1,"24":1,"25":0,"26":1,"27":1,"28":1,"29":1,"30":1,"31":0,"32":1,"33":1,"34":1,"35":1,"36":1,"37":0,"38":1,"39":1,"40":0,"41":1,"42":1,"43":0,"44":1,"45":1,"46":0,"47":1,"48":1,"49":2,"50":1,"51":1,"52":0,"53":1,"54":1,"55":0,"56":1,"57":0,"58":16,"59":16,"60":16,"61":1,"62":26,"63":0,"64":0,"65":0,"66":0,"67":0,"68":25,"69":25,"70":0,"71":25,"72":25,"73":0,"74":1},"f":{"0":1,"1":9,"2":1,"3":10,"4":0,"5":1,"6":0,"7":1,"8":0,"9":1,"10":0,"11":0,"12":0,"13":0,"14":2,"15":0,"16":0,"17":26,"18":0,"19":0,"20":25},"b":{"0":[1,1,1,1,1,1,1,1,1,1,1,1,1,1,1,1,0],"1":[0,9],"2":[9,9],"3":[1,1],"4":[0,0],"5":[16,0],"6":[0,0],"7":[0,25],"8":[0,0]}}
,"/Users/archersado/workspace/mygit/hit/src/expression.ts": {"path":"/Users/archersado/workspace/mygit/hit/src/expression.ts","statementMap":{"0":{"start":{"line":2,"column":0},"end":{"line":2,"column":33}},"1":{"start":{"line":5,"column":0},"end":{"line":5,"column":null}},"2":{"start":{"line":6,"column":4},"end":{"line":6,"column":null}},"3":{"start":{"line":7,"column":4},"end":{"line":7,"column":null}},"4":{"start":{"line":20,"column":8},"end":{"line":20,"column":31}},"5":{"start":{"line":21,"column":8},"end":{"line":21,"column":32}},"6":{"start":{"line":22,"column":8},"end":{"line":22,"column":31}},"7":{"start":{"line":23,"column":8},"end":{"line":23,"column":39}},"8":{"start":{"line":24,"column":8},"end":{"line":24,"column":58}},"9":{"start":{"line":25,"column":8},"end":{"line":25,"column":29}},"10":{"start":{"line":26,"column":8},"end":{"line":26,"column":56}},"11":{"start":{"line":30,"column":8},"end":{"line":30,"column":37}},"12":{"start":{"line":34,"column":8},"end":{"line":34,"column":29}},"13":{"start":{"line":34,"column":22},"end":{"line":34,"column":29}},"14":{"start":{"line":35,"column":20},"end":{"line":35,"column":27}},"15":{"start":{"line":36,"column":8},"end":{"line":36,"column":75}},"16":{"start":{"line":36,"column":32},"end":{"line":36,"column":75}},"17":{"start":{"line":37,"column":8},"end":{"line":37,"column":41}},"18":{"start":{"line":41,"column":8},"end":{"line":41,"column":43}},"19":{"start":{"line":45,"column":25},"end":{"line":45,"column":51}},"20":{"start":{"line":46,"column":22},"end":{"line":46,"column":47}},"21":{"start":{"line":47,"column":21},"end":{"line":47,"column":46}},"22":{"start":{"line":48,"column":23},"end":{"line":48,"column":66}},"23":{"start":{"line":50,"column":8},"end":{"line":50,"column":42}},"24":{"start":{"line":54,"column":30},"end":{"line":54,"column":31}},"25":{"start":{"line":55,"column":31},"end":{"line":55,"column":32}},"26":{"start":{"line":56,"column":18},"end":{"line":56,"column":27}},"27":{"start":{"line":57,"column":21},"end":{"line":57,"column":43}},"28":{"start":{"line":58,"column":8},"end":{"line":67,"column":null}},"29":{"start":{"line":59,"column":30},"end":{"line":59,"column":57}},"30":{"start":{"line":60,"column":12},"end":{"line":62,"column":null}},"31":{"start":{"line":61,"column":16},"end":{"line":61,"column":34}},"32":{"start":{"line":63,"column":12},"end":{"line":65,"column":null}},"33":{"start":{"line":64,"column":16},"end":{"line":64,"column":35}},"34":{"start":{"line":66,"column":12},"end":{"line":66,"column":18}},"35":{"start":{"line":68,"column":8},"end":{"line":68,"column":95}},"36":{"start":{"line":68,"column":64},"end":{"line":68,"column":95}},"37":{"start":{"line":69,"column":31},"end":{"line":69,"column":68}},"38":{"start":{"line":71,"column":32},"end":{"line":71,"column":83}},"39":{"start":{"line":72,"column":8},"end":{"line":72,"column":49}},"40":{"start":{"line":76,"column":18},"end":{"line":76,"column":19}},"41":{"start":{"line":77,"column":27},"end":{"line":77,"column":29}},"42":{"start":{"line":78,"column":42},"end":{"line":78,"column":44}},"43":{"start":{"line":79,"column":31},"end":{"line":79,"column":53}},"44":{"start":{"line":81,"column":8},"end":{"line":122,"column":null}},"45":{"start":{"line":82,"column":32},"end":{"line":82,"column":59}},"46":{"start":{"line":83,"column":12},"end":{"line":83,"column":null}},"47":{"start":{"line":85,"column":12},"end":{"line":96,"column":null}},"48":{"start":{"line":86,"column":16},"end":{"line":86,"column":73}},"49":{"start":{"line":87,"column":50},"end":{"line":87,"column":70}},"50":{"start":{"line":89,"column":31},"end":{"line":89,"column":113}},"51":{"start":{"line":91,"column":16},"end":{"line":91,"column":41}},"52":{"start":{"line":92,"column":16},"end":{"line":92,"column":70}},"53":{"start":{"line":93,"column":16},"end":{"line":93,"column":34}},"54":{"start":{"line":94,"column":16},"end":{"line":94,"column":39}},"55":{"start":{"line":95,"column":16},"end":{"line":95,"column":25}},"56":{"start":{"line":98,"column":12},"end":{"line":120,"column":null}},"57":{"start":{"line":99,"column":37},"end":{"line":99,"column":56}},"58":{"start":{"line":100,"column":35},"end":{"line":100,"column":108}},"59":{"start":{"line":100,"column":68},"end":{"line":100,"column":107}},"60":{"start":{"line":101,"column":16},"end":{"line":111,"column":null}},"61":{"start":{"line":102,"column":20},"end":{"line":102,"column":67}},"62":{"start":{"line":104,"column":45},"end":{"line":104,"column":73}},"63":{"start":{"line":105,"column":40},"end":{"line":105,"column":66}},"64":{"start":{"line":106,"column":48},"end":{"line":106,"column":80}},"65":{"start":{"line":107,"column":20},"end":{"line":107,"column":80}},"66":{"start":{"line":107,"column":65},"end":{"line":107,"column":80}},"67":{"start":{"line":108,"column":20},"end":{"line":108,"column":61}},"68":{"start":{"line":109,"column":20},"end":{"line":109,"column":47}},"69":{"start":{"line":110,"column":20},"end":{"line":110,"column":43}},"70":{"start":{"line":113,"column":35},"end":{"line":113,"column":97}},"71":{"start":{"line":113,"column":68},"end":{"line":113,"column":96}},"72":{"start":{"line":114,"column":16},"end":{"line":118,"column":null}},"73":{"start":{"line":115,"column":20},"end":{"line":115,"column":null}},"74":{"start":{"line":116,"column":20},"end":{"line":116,"column":38}},"75":{"start":{"line":117,"column":20},"end":{"line":117,"column":80}},"76":{"start":{"line":119,"column":16},"end":{"line":119,"column":63}},"77":{"start":{"line":121,"column":12},"end":{"line":121,"column":18}},"78":{"start":{"line":123,"column":8},"end":{"line":123,"column":39}},"79":{"start":{"line":125,"column":8},"end":{"line":127,"column":null}},"80":{"start":{"line":126,"column":12},"end":{"line":126,"column":27}},"81":{"start":{"line":129,"column":8},"end":{"line":129,"column":36}},"82":{"start":{"line":10,"column":0},"end":{"line":10,"column":21}}},"fnMap":{"0":{"name":"(anonymous_0)","decl":{"start":{"line":5,"column":0},"end":{"line":5,"column":12}},"loc":{"start":{"line":5,"column":20},"end":{"line":8,"column":1}}},"1":{"name":"(anonymous_1)","decl":{"start":{"line":19,"column":4},"end":{"line":19,"column":16}},"loc":{"start":{"line":19,"column":111},"end":{"line":27,"column":5}}},"2":{"name":"(anonymous_2)","decl":{"start":{"line":29,"column":4},"end":{"line":29,"column":23}},"loc":{"start":{"line":29,"column":23},"end":{"line":31,"column":5}}},"3":{"name":"(anonymous_3)","decl":{"start":{"line":33,"column":4},"end":{"line":33,"column":15}},"loc":{"start":{"line":33,"column":23},"end":{"line":38,"column":5}}},"4":{"name":"(anonymous_4)","decl":{"start":{"line":40,"column":4},"end":{"line":40,"column":16}},"loc":{"start":{"line":40,"column":16},"end":{"line":42,"column":5}}},"5":{"name":"(anonymous_5)","decl":{"start":{"line":44,"column":4},"end":{"line":44,"column":11}},"loc":{"start":{"line":44,"column":11},"end":{"line":51,"column":5}}},"6":{"name":"(anonymous_6)","decl":{"start":{"line":53,"column":4},"end":{"line":53,"column":14}},"loc":{"start":{"line":53,"column":28},"end":{"line":73,"column":5}}},"7":{"name":"(anonymous_7)","decl":{"start":{"line":75,"column":4},"end":{"line":75,"column":7}},"loc":{"start":{"line":75,"column":7},"end":{"line":130,"column":5}}},"8":{"name":"(anonymous_8)","decl":{"start":{"line":100,"column":62},"end":{"line":100,"column":64}},"loc":{"start":{"line":100,"column":68},"end":{"line":100,"column":107}}},"9":{"name":"(anonymous_9)","decl":{"start":{"line":113,"column":62},"end":{"line":113,"column":64}},"loc":{"start":{"line":113,"column":68},"end":{"line":113,"column":96}}}},"branchMap":{"0":{"loc":{"start":{"line":5,"column":12},"end":{"line":5,"column":20}},"type":"binary-expr","locations":[{"start":{"line":5,"column":12},"end":{"line":5,"column":20}},{"start":{"line":5,"column":12},"end":{"line":5,"column":null}}]},"1":{"loc":{"start":{"line":34,"column":8},"end":{"line":34,"column":29}},"type":"if","locations":[{"start":{"line":34,"column":8},"end":{"line":34,"column":29}},{"start":{"line":34,"column":8},"end":{"line":34,"column":29}}]},"2":{"loc":{"start":{"line":36,"column":8},"end":{"line":36,"column":75}},"type":"if","locations":[{"start":{"line":36,"column":8},"end":{"line":36,"column":75}},{"start":{"line":36,"column":8},"end":{"line":36,"column":75}}]},"3":{"loc":{"start":{"line":58,"column":15},"end":{"line":58,"column":25}},"type":"binary-expr","locations":[{"start":{"line":58,"column":15},"end":{"line":58,"column":25}},{"start":{"line":58,"column":29},"end":{"line":58,"column":63}}]},"4":{"loc":{"start":{"line":60,"column":12},"end":{"line":62,"column":null}},"type":"if","locations":[{"start":{"line":60,"column":12},"end":{"line":62,"column":null}},{"start":{"line":60,"column":12},"end":{"line":62,"column":null}}]},"5":{"loc":{"start":{"line":63,"column":12},"end":{"line":65,"column":null}},"type":"if","locations":[{"start":{"line":63,"column":12},"end":{"line":65,"column":null}},{"start":{"line":63,"column":12},"end":{"line":65,"column":null}}]},"6":{"loc":{"start":{"line":68,"column":8},"end":{"line":68,"column":95}},"type":"if","locations":[{"start":{"line":68,"column":8},"end":{"line":68,"column":95}},{"start":{"line":68,"column":8},"end":{"line":68,"column":95}}]},"7":{"loc":{"start":{"line":68,"column":12},"end":{"line":68,"column":24}},"type":"binary-expr","locations":[{"start":{"line":68,"column":12},"end":{"line":68,"column":24}},{"start":{"line":68,"column":28},"end":{"line":68,"column":62}}]},"8":{"loc":{"start":{"line":85,"column":12},"end":{"line":96,"column":null}},"type":"if","locations":[{"start":{"line":85,"column":12},"end":{"line":96,"column":null}},{"start":{"line":85,"column":12},"end":{"line":96,"column":null}}]},"9":{"loc":{"start":{"line":86,"column":16},"end":{"line":86,"column":28}},"type":"binary-expr","locations":[{"start":{"line":86,"column":16},"end":{"line":86,"column":28}},{"start":{"line":86,"column":32},"end":{"line":86,"column":72}}]},"10":{"loc":{"start":{"line":98,"column":12},"end":{"line":120,"column":null}},"type":"if","locations":[{"start":{"line":98,"column":12},"end":{"line":120,"column":null}},{"start":{"line":98,"column":12},"end":{"line":120,"column":null}}]},"11":{"loc":{"start":{"line":101,"column":16},"end":{"line":111,"column":null}},"type":"if","locations":[{"start":{"line":101,"column":16},"end":{"line":111,"column":null}},{"start":{"line":101,"column":16},"end":{"line":111,"column":null}}]},"12":{"loc":{"start":{"line":106,"column":48},"end":{"line":106,"column":75}},"type":"binary-expr","locations":[{"start":{"line":106,"column":48},"end":{"line":106,"column":75}},{"start":{"line":106,"column":79},"end":{"line":106,"column":80}}]},"13":{"loc":{"start":{"line":107,"column":20},"end":{"line":107,"column":80}},"type":"if","locations":[{"start":{"line":107,"column":20},"end":{"line":107,"column":80}},{"start":{"line":107,"column":20},"end":{"line":107,"column":80}}]},"14":{"loc":{"start":{"line":114,"column":16},"end":{"line":118,"column":null}},"type":"if","locations":[{"start":{"line":114,"column":16},"end":{"line":118,"column":null}},{"start":{"line":114,"column":16},"end":{"line":118,"column":null}}]}},"s":{"0":1,"1":1,"2":1,"3":1,"4":26,"5":26,"6":26,"7":26,"8":26,"9":26,"10":26,"11":16,"12":62,"13":11,"14":51,"15":51,"16":40,"17":51,"18":250,"19":25,"20":25,"21":25,"22":25,"23":25,"24":11,"25":11,"26":11,"27":11,"28":11,"29":100,"30":100,"31":5,"32":100,"33":16,"34":100,"35":11,"36":0,"37":11,"38":11,"39":11,"40":26,"41":26,"42":26,"43":26,"44":26,"45":261,"46":261,"47":261,"48":11,"49":11,"50":11,"51":11,"52":11,"53":11,"54":11,"55":11,"56":250,"57":21,"58":21,"59":336,"60":21,"61":5,"62":16,"63":16,"64":16,"65":16,"66":1,"67":16,"68":16,"69":16,"70":229,"71":3664,"72":229,"73":25,"74":25,"75":25,"76":229,"77":250,"78":26,"79":26,"80":24,"81":26,"82":1},"f":{"0":1,"1":26,"2":16,"3":62,"4":250,"5":25,"6":11,"7":26,"8":336,"9":3664},"b":{"0":[1,1],"1":[11,51],"2":[40,11],"3":[111,102],"4":[5,95],"5":[16,84],"6":[0,11],"7":[11,9],"8":[11,250],"9":[11,9],"10":[21,229],"11":[5,16],"12":[16,14],"13":[1,15],"14":[25,204]}}
,"/Users/archersado/workspace/mygit/hit/src/index.ts": {"path":"/Users/archersado/workspace/mygit/hit/src/index.ts","statementMap":{"0":{"start":{"line":1,"column":0},"end":{"line":1,"column":7}},"1":{"start":{"line":7,"column":22},"end":{"line":1,"column":41}},"2":{"start":{"line":2,"column":0},"end":{"line":2,"column":38}},"3":{"start":{"line":3,"column":0},"end":{"line":3,"column":7}},"4":{"start":{"line":7,"column":9},"end":{"line":3,"column":40}},"5":{"start":{"line":5,"column":0},"end":{"line":5,"column":30}},"6":{"start":{"line":6,"column":0},"end":{"line":6,"column":31}},"7":{"start":{"line":14,"column":8},"end":{"line":14,"column":39}},"8":{"start":{"line":15,"column":8},"end":{"line":15,"column":36}},"9":{"start":{"line":17,"column":8},"end":{"line":17,"column":20}},"10":{"start":{"line":21,"column":23},"end":{"line":21,"column":62}},"11":{"start":{"line":22,"column":27},"end":{"line":22,"column":86}},"12":{"start":{"line":25,"column":8},"end":{"line":25,"column":32}},"13":{"start":{"line":8,"column":0},"end":{"line":8,"column":21}}},"fnMap":{"0":{"name":"(anonymous_4)","decl":{"start":{"line":13,"column":4},"end":{"line":13,"column":16}},"loc":{"start":{"line":13,"column":48},"end":{"line":18,"column":5}}},"1":{"name":"(anonymous_5)","decl":{"start":{"line":20,"column":4},"end":{"line":20,"column":7}},"loc":{"start":{"line":20,"column":74},"end":{"line":26,"column":5}}}},"branchMap":{},"s":{"0":1,"1":1,"2":1,"3":1,"4":1,"5":1,"6":1,"7":1,"8":1,"9":1,"10":15,"11":15,"12":15,"13":1},"f":{"0":1,"1":15},"b":{}}
,"/Users/archersado/workspace/mygit/hit/src/param_parser.ts": {"path":"/Users/archersado/workspace/mygit/hit/src/param_parser.ts","statementMap":{"0":{"start":{"line":1,"column":0},"end":{"line":1,"column":35}},"1":{"start":{"line":5,"column":0},"end":{"line":5,"column":null}},"2":{"start":{"line":6,"column":4},"end":{"line":6,"column":null}},"3":{"start":{"line":7,"column":4},"end":{"line":7,"column":null}},"4":{"start":{"line":14,"column":8},"end":{"line":14,"column":35}},"5":{"start":{"line":15,"column":8},"end":{"line":23,"column":11}},"6":{"start":{"line":16,"column":28},"end":{"line":16,"column":65}},"7":{"start":{"line":16,"column":41},"end":{"line":16,"column":65}},"8":{"start":{"line":17,"column":27},"end":{"line":17,"column":42}},"9":{"start":{"line":18,"column":12},"end":{"line":20,"column":null}},"10":{"start":{"line":19,"column":16},"end":{"line":19,"column":64}},"11":{"start":{"line":22,"column":12},"end":{"line":22,"column":28}},"12":{"start":{"line":24,"column":8},"end":{"line":32,"column":11}},"13":{"start":{"line":25,"column":28},"end":{"line":25,"column":69}},"14":{"start":{"line":25,"column":41},"end":{"line":25,"column":69}},"15":{"start":{"line":26,"column":27},"end":{"line":26,"column":42}},"16":{"start":{"line":27,"column":12},"end":{"line":29,"column":null}},"17":{"start":{"line":28,"column":16},"end":{"line":28,"column":72}},"18":{"start":{"line":31,"column":12},"end":{"line":31,"column":28}},"19":{"start":{"line":33,"column":8},"end":{"line":33,"column":20}},"20":{"start":{"line":38,"column":8},"end":{"line":40,"column":null}},"21":{"start":{"line":39,"column":12},"end":{"line":39,"column":48}},"22":{"start":{"line":44,"column":8},"end":{"line":44,"column":39}},"23":{"start":{"line":49,"column":23},"end":{"line":49,"column":50}},"24":{"start":{"line":51,"column":8},"end":{"line":51,"column":80}},"25":{"start":{"line":51,"column":21},"end":{"line":51,"column":80}},"26":{"start":{"line":53,"column":8},"end":{"line":59,"column":null}},"27":{"start":{"line":54,"column":12},"end":{"line":58,"column":null}},"28":{"start":{"line":55,"column":16},"end":{"line":55,"column":49}},"29":{"start":{"line":57,"column":16},"end":{"line":57,"column":86}},"30":{"start":{"line":11,"column":0},"end":{"line":11,"column":21}}},"fnMap":{"0":{"name":"(anonymous_0)","decl":{"start":{"line":5,"column":0},"end":{"line":5,"column":12}},"loc":{"start":{"line":5,"column":24},"end":{"line":8,"column":1}}},"1":{"name":"(anonymous_1)","decl":{"start":{"line":13,"column":4},"end":{"line":13,"column":null}},"loc":{"start":{"line":13,"column":4},"end":{"line":34,"column":5}}},"2":{"name":"(anonymous_2)","decl":{"start":{"line":15,"column":48},"end":{"line":15,"column":58}},"loc":{"start":{"line":15,"column":91},"end":{"line":23,"column":9}}},"3":{"name":"(anonymous_3)","decl":{"start":{"line":16,"column":28},"end":{"line":16,"column":37}},"loc":{"start":{"line":16,"column":41},"end":{"line":16,"column":65}}},"4":{"name":"(anonymous_4)","decl":{"start":{"line":24,"column":50},"end":{"line":24,"column":60}},"loc":{"start":{"line":24,"column":93},"end":{"line":32,"column":9}}},"5":{"name":"(anonymous_5)","decl":{"start":{"line":25,"column":28},"end":{"line":25,"column":37}},"loc":{"start":{"line":25,"column":41},"end":{"line":25,"column":69}}},"6":{"name":"(anonymous_6)","decl":{"start":{"line":37,"column":4},"end":{"line":37,"column":7}},"loc":{"start":{"line":37,"column":43},"end":{"line":41,"column":5}}},"7":{"name":"(anonymous_7)","decl":{"start":{"line":43,"column":4},"end":{"line":43,"column":10}},"loc":{"start":{"line":43,"column":26},"end":{"line":45,"column":5}}},"8":{"name":"(anonymous_8)","decl":{"start":{"line":48,"column":4},"end":{"line":48,"column":13}},"loc":{"start":{"line":48,"column":21},"end":{"line":60,"column":5}}},"9":{"name":"(anonymous_9)","decl":{"start":{"line":53,"column":15},"end":{"line":53,"column":24}},"loc":{"start":{"line":53,"column":41},"end":{"line":59,"column":9}}}},"branchMap":{"0":{"loc":{"start":{"line":5,"column":12},"end":{"line":5,"column":24}},"type":"binary-expr","locations":[{"start":{"line":5,"column":12},"end":{"line":5,"column":24}},{"start":{"line":5,"column":12},"end":{"line":5,"column":null}}]},"1":{"loc":{"start":{"line":18,"column":12},"end":{"line":20,"column":null}},"type":"if","locations":[{"start":{"line":18,"column":12},"end":{"line":20,"column":null}},{"start":{"line":18,"column":12},"end":{"line":20,"column":null}}]},"2":{"loc":{"start":{"line":27,"column":12},"end":{"line":29,"column":null}},"type":"if","locations":[{"start":{"line":27,"column":12},"end":{"line":29,"column":null}},{"start":{"line":27,"column":12},"end":{"line":29,"column":null}}]},"3":{"loc":{"start":{"line":38,"column":8},"end":{"line":40,"column":null}},"type":"if","locations":[{"start":{"line":38,"column":8},"end":{"line":40,"column":null}},{"start":{"line":38,"column":8},"end":{"line":40,"column":null}}]},"4":{"loc":{"start":{"line":51,"column":8},"end":{"line":51,"column":80}},"type":"if","locations":[{"start":{"line":51,"column":8},"end":{"line":51,"column":80}},{"start":{"line":51,"column":8},"end":{"line":51,"column":80}}]},"5":{"loc":{"start":{"line":57,"column":49},"end":{"line":57,"column":58}},"type":"binary-expr","locations":[{"start":{"line":57,"column":49},"end":{"line":57,"column":58}},{"start":{"line":57,"column":62},"end":{"line":57,"column":63}}]}},"s":{"0":1,"1":1,"2":1,"3":1,"4":1,"5":1,"6":15,"7":15,"8":15,"9":15,"10":1,"11":14,"12":1,"13":25,"14":25,"15":25,"16":25,"17":14,"18":11,"19":1,"20":0,"21":0,"22":0,"23":15,"24":15,"25":0,"26":15,"27":40,"28":40,"29":0,"30":1},"f":{"0":1,"1":1,"2":15,"3":15,"4":25,"5":25,"6":0,"7":0,"8":15,"9":40},"b":{"0":[1,1],"1":[1,14],"2":[14,11],"3":[0,0],"4":[0,15],"5":[0,0]}}
}
