TN:
SF:src/calculation.ts
FN:26,(anonymous_0)
FN:35,(anonymous_1)
FN:44,(anonymous_2)
FN:49,(anonymous_3)
FN:54,(anonymous_4)
FN:59,(anonymous_5)
FN:64,(anonymous_6)
FN:69,(anonymous_7)
FN:74,(anonymous_8)
FN:79,(anonymous_9)
FN:84,(anonymous_10)
FN:89,(anonymous_11)
FN:94,(anonymous_12)
FN:99,(anonymous_13)
FN:104,(anonymous_14)
FN:109,(anonymous_15)
FN:114,(anonymous_16)
FN:129,(anonymous_17)
FN:133,(anonymous_18)
FN:141,(anonymous_19)
FN:146,(anonymous_20)
FNF:21
FNH:10
FNDA:1,(anonymous_0)
FNDA:9,(anonymous_1)
FNDA:1,(anonymous_2)
FNDA:10,(anonymous_3)
FNDA:0,(anonymous_4)
FNDA:1,(anonymous_5)
FNDA:0,(anonymous_6)
FNDA:1,(anonymous_7)
FNDA:0,(anonymous_8)
FNDA:1,(anonymous_9)
FNDA:0,(anonymous_10)
FNDA:0,(anonymous_11)
FNDA:0,(anonymous_12)
FNDA:0,(anonymous_13)
FNDA:2,(anonymous_14)
FNDA:0,(anonymous_15)
FNDA:0,(anonymous_16)
FNDA:26,(anonymous_17)
FNDA:0,(anonymous_18)
FNDA:0,(anonymous_19)
FNDA:25,(anonymous_20)
DA:1,1
DA:23,1
DA:27,1
DA:28,1
DA:29,1
DA:30,16
DA:31,16
DA:33,16
DA:35,1
DA:36,9
DA:37,0
DA:40,9
DA:42,1
DA:44,1
DA:45,1
DA:47,1
DA:49,1
DA:50,10
DA:52,1
DA:54,1
DA:55,0
DA:57,1
DA:59,1
DA:60,1
DA:62,1
DA:64,1
DA:65,0
DA:67,1
DA:69,1
DA:70,1
DA:72,1
DA:74,1
DA:75,0
DA:77,1
DA:79,1
DA:80,1
DA:82,1
DA:84,1
DA:85,0
DA:87,1
DA:89,1
DA:90,0
DA:92,1
DA:94,1
DA:95,0
DA:97,1
DA:99,1
DA:100,0
DA:102,1
DA:104,1
DA:105,2
DA:107,1
DA:109,1
DA:110,0
DA:112,1
DA:114,1
DA:115,0
DA:117,1
DA:119,0
DA:121,16
DA:122,16
DA:123,16
DA:126,1
DA:130,26
DA:134,0
DA:135,0
DA:137,0
DA:138,0
DA:142,0
DA:147,25
DA:149,25
DA:151,25
DA:152,25
DA:154,0
LF:74
LH:57
BRDA:34,0,0,1
BRDA:34,0,1,1
BRDA:34,0,2,1
BRDA:34,0,3,1
BRDA:34,0,4,1
BRDA:34,0,5,1
BRDA:34,0,6,1
BRDA:34,0,7,1
BRDA:34,0,8,1
BRDA:34,0,9,1
BRDA:34,0,10,1
BRDA:34,0,11,1
BRDA:34,0,12,1
BRDA:34,0,13,1
BRDA:34,0,14,1
BRDA:34,0,15,1
BRDA:34,0,16,0
BRDA:36,1,0,0
BRDA:36,1,1,9
BRDA:36,2,0,9
BRDA:36,2,1,9
BRDA:60,3,0,1
BRDA:60,3,1,1
BRDA:65,4,0,0
BRDA:65,4,1,0
BRDA:121,5,0,16
BRDA:121,5,1,0
BRDA:134,6,0,0
BRDA:134,6,1,0
BRDA:149,7,0,0
BRDA:149,7,1,25
BRDA:154,8,0,0
BRDA:154,8,1,0
BRF:33
BRH:23
end_of_record
TN:
SF:src/expression.ts
FN:5,(anonymous_0)
FN:19,(anonymous_1)
FN:29,(anonymous_2)
FN:33,(anonymous_3)
FN:40,(anonymous_4)
FN:44,(anonymous_5)
FN:53,(anonymous_6)
FN:75,(anonymous_7)
FN:100,(anonymous_8)
FN:113,(anonymous_9)
FNF:10
FNH:10
FNDA:1,(anonymous_0)
FNDA:26,(anonymous_1)
FNDA:16,(anonymous_2)
FNDA:62,(anonymous_3)
FNDA:250,(anonymous_4)
FNDA:25,(anonymous_5)
FNDA:11,(anonymous_6)
FNDA:26,(anonymous_7)
FNDA:336,(anonymous_8)
FNDA:3664,(anonymous_9)
DA:2,1
DA:5,1
DA:6,1
DA:7,1
DA:10,1
DA:20,26
DA:21,26
DA:22,26
DA:23,26
DA:24,26
DA:25,26
DA:26,26
DA:30,16
DA:34,62
DA:35,51
DA:36,51
DA:37,51
DA:41,250
DA:45,25
DA:46,25
DA:47,25
DA:48,25
DA:50,25
DA:54,11
DA:55,11
DA:56,11
DA:57,11
DA:58,11
DA:59,100
DA:60,100
DA:61,5
DA:63,100
DA:64,16
DA:66,100
DA:68,11
DA:69,11
DA:71,11
DA:72,11
DA:76,26
DA:77,26
DA:78,26
DA:79,26
DA:81,26
DA:82,261
DA:83,261
DA:85,261
DA:86,11
DA:87,11
DA:89,11
DA:91,11
DA:92,11
DA:93,11
DA:94,11
DA:95,11
DA:98,250
DA:99,21
DA:100,336
DA:101,21
DA:102,5
DA:104,16
DA:105,16
DA:106,16
DA:107,16
DA:108,16
DA:109,16
DA:110,16
DA:113,3664
DA:114,229
DA:115,25
DA:116,25
DA:117,25
DA:119,229
DA:121,250
DA:123,26
DA:125,26
DA:126,24
DA:129,26
LF:77
LH:77
BRDA:5,0,0,1
BRDA:5,0,1,1
BRDA:34,1,0,11
BRDA:34,1,1,51
BRDA:36,2,0,40
BRDA:36,2,1,11
BRDA:58,3,0,111
BRDA:58,3,1,102
BRDA:60,4,0,5
BRDA:60,4,1,95
BRDA:63,5,0,16
BRDA:63,5,1,84
BRDA:68,6,0,0
BRDA:68,6,1,11
BRDA:68,7,0,11
BRDA:68,7,1,9
BRDA:85,8,0,11
BRDA:85,8,1,250
BRDA:86,9,0,11
BRDA:86,9,1,9
BRDA:98,10,0,21
BRDA:98,10,1,229
BRDA:101,11,0,5
BRDA:101,11,1,16
BRDA:106,12,0,16
BRDA:106,12,1,14
BRDA:107,13,0,1
BRDA:107,13,1,15
BRDA:114,14,0,25
BRDA:114,14,1,204
BRF:30
BRH:29
end_of_record
TN:
SF:src/index.ts
FN:13,(anonymous_4)
FN:20,(anonymous_5)
FNF:2
FNH:2
FNDA:1,(anonymous_4)
FNDA:15,(anonymous_5)
DA:1,1
DA:2,1
DA:3,1
DA:5,1
DA:6,1
DA:7,1
DA:8,1
DA:14,1
DA:15,1
DA:17,1
DA:21,15
DA:22,15
DA:25,15
LF:13
LH:13
BRF:0
BRH:0
end_of_record
TN:
SF:src/param_parser.ts
FN:5,(anonymous_0)
FN:13,(anonymous_1)
FN:15,(anonymous_2)
FN:16,(anonymous_3)
FN:24,(anonymous_4)
FN:25,(anonymous_5)
FN:37,(anonymous_6)
FN:43,(anonymous_7)
FN:48,(anonymous_8)
FN:53,(anonymous_9)
FNF:10
FNH:8
FNDA:1,(anonymous_0)
FNDA:1,(anonymous_1)
FNDA:15,(anonymous_2)
FNDA:15,(anonymous_3)
FNDA:25,(anonymous_4)
FNDA:25,(anonymous_5)
FNDA:0,(anonymous_6)
FNDA:0,(anonymous_7)
FNDA:15,(anonymous_8)
FNDA:40,(anonymous_9)
DA:1,1
DA:5,1
DA:6,1
DA:7,1
DA:11,1
DA:14,1
DA:15,1
DA:16,15
DA:17,15
DA:18,15
DA:19,1
DA:22,14
DA:24,1
DA:25,25
DA:26,25
DA:27,25
DA:28,14
DA:31,11
DA:33,1
DA:38,0
DA:39,0
DA:44,0
DA:49,15
DA:51,15
DA:53,15
DA:54,40
DA:55,40
DA:57,0
LF:28
LH:24
BRDA:5,0,0,1
BRDA:5,0,1,1
BRDA:18,1,0,1
BRDA:18,1,1,14
BRDA:27,2,0,14
BRDA:27,2,1,11
BRDA:38,3,0,0
BRDA:38,3,1,0
BRDA:51,4,0,0
BRDA:51,4,1,15
BRDA:57,5,0,0
BRDA:57,5,1,0
BRF:12
BRH:7
end_of_record
