TN:
SF:src/calculation.ts
FN:26,(anonymous_0)
FN:35,(anonymous_1)
FN:44,(anonymous_2)
FN:49,(anonymous_3)
FN:54,(anonymous_4)
FN:59,(anonymous_5)
FN:64,(anonymous_6)
FN:69,(anonymous_7)
FN:74,(anonymous_8)
FN:79,(anonymous_9)
FN:84,(anonymous_10)
FN:89,(anonymous_11)
FN:94,(anonymous_12)
FN:99,(anonymous_13)
FN:104,(anonymous_14)
FN:109,(anonymous_15)
FN:114,(anonymous_16)
FN:129,(anonymous_17)
FN:133,(anonymous_18)
FN:141,(anonymous_19)
FN:146,(anonymous_20)
FNF:21
FNH:9
FNDA:1,(anonymous_0)
FNDA:7,(anonymous_1)
FNDA:0,(anonymous_2)
FNDA:8,(anonymous_3)
FNDA:0,(anonymous_4)
FNDA:1,(anonymous_5)
FNDA:0,(anonymous_6)
FNDA:1,(anonymous_7)
FNDA:0,(anonymous_8)
FNDA:1,(anonymous_9)
FNDA:0,(anonymous_10)
FNDA:0,(anonymous_11)
FNDA:0,(anonymous_12)
FNDA:0,(anonymous_13)
FNDA:2,(anonymous_14)
FNDA:0,(anonymous_15)
FNDA:0,(anonymous_16)
FNDA:25,(anonymous_17)
FNDA:0,(anonymous_18)
FNDA:0,(anonymous_19)
FNDA:20,(anonymous_20)
DA:1,1
DA:23,1
DA:27,1
DA:28,1
DA:29,1
DA:30,16
DA:31,16
DA:33,16
DA:35,1
DA:36,7
DA:37,0
DA:40,7
DA:42,1
DA:44,1
DA:45,0
DA:47,1
DA:49,1
DA:50,8
DA:52,1
DA:54,1
DA:55,0
DA:57,1
DA:59,1
DA:60,1
DA:62,1
DA:64,1
DA:65,0
DA:67,1
DA:69,1
DA:70,1
DA:72,1
DA:74,1
DA:75,0
DA:77,1
DA:79,1
DA:80,1
DA:82,1
DA:84,1
DA:85,0
DA:87,1
DA:89,1
DA:90,0
DA:92,1
DA:94,1
DA:95,0
DA:97,1
DA:99,1
DA:100,0
DA:102,1
DA:104,1
DA:105,2
DA:107,1
DA:109,1
DA:110,0
DA:112,1
DA:114,1
DA:115,0
DA:117,1
DA:119,0
DA:121,16
DA:122,16
DA:123,16
DA:126,1
DA:130,25
DA:134,0
DA:135,0
DA:137,0
DA:138,0
DA:142,0
DA:147,20
DA:149,20
DA:151,20
DA:152,20
DA:154,0
LF:74
LH:56
BRDA:34,0,0,1
BRDA:34,0,1,1
BRDA:34,0,2,1
BRDA:34,0,3,1
BRDA:34,0,4,1
BRDA:34,0,5,1
BRDA:34,0,6,1
BRDA:34,0,7,1
BRDA:34,0,8,1
BRDA:34,0,9,1
BRDA:34,0,10,1
BRDA:34,0,11,1
BRDA:34,0,12,1
BRDA:34,0,13,1
BRDA:34,0,14,1
BRDA:34,0,15,1
BRDA:34,0,16,0
BRDA:36,1,0,0
BRDA:36,1,1,7
BRDA:36,2,0,7
BRDA:36,2,1,7
BRDA:60,3,0,1
BRDA:60,3,1,1
BRDA:65,4,0,0
BRDA:65,4,1,0
BRDA:121,5,0,16
BRDA:121,5,1,0
BRDA:134,6,0,0
BRDA:134,6,1,0
BRDA:149,7,0,0
BRDA:149,7,1,20
BRDA:154,8,0,0
BRDA:154,8,1,0
BRF:33
BRH:23
end_of_record
TN:
SF:src/expression.ts
FN:5,(anonymous_0)
FN:19,(anonymous_1)
FN:29,(anonymous_2)
FN:33,(anonymous_3)
FN:41,(anonymous_4)
FN:45,(anonymous_5)
FN:54,(anonymous_6)
FN:76,(anonymous_7)
FN:100,(anonymous_8)
FN:113,(anonymous_9)
FNF:10
FNH:10
FNDA:1,(anonymous_0)
FNDA:25,(anonymous_1)
FNDA:13,(anonymous_2)
FNDA:52,(anonymous_3)
FNDA:231,(anonymous_4)
FNDA:20,(anonymous_5)
FNDA:7,(anonymous_6)
FNDA:25,(anonymous_7)
FNDA:288,(anonymous_8)
FNDA:3408,(anonymous_9)
DA:2,1
DA:5,1
DA:6,1
DA:7,1
DA:10,1
DA:20,25
DA:21,25
DA:22,25
DA:23,25
DA:24,25
DA:25,25
DA:26,25
DA:30,13
DA:34,52
DA:35,45
DA:36,45
DA:38,45
DA:42,231
DA:46,20
DA:47,20
DA:48,20
DA:49,20
DA:51,20
DA:55,7
DA:56,7
DA:57,7
DA:58,7
DA:59,7
DA:60,64
DA:61,64
DA:62,3
DA:64,64
DA:65,10
DA:67,64
DA:69,7
DA:70,7
DA:72,7
DA:73,7
DA:77,25
DA:78,25
DA:79,25
DA:80,25
DA:82,25
DA:83,238
DA:85,238
DA:86,7
DA:87,7
DA:89,7
DA:91,7
DA:92,7
DA:93,7
DA:94,7
DA:95,7
DA:98,231
DA:99,18
DA:100,288
DA:101,18
DA:102,5
DA:104,13
DA:105,13
DA:106,13
DA:107,13
DA:108,13
DA:109,13
DA:110,13
DA:113,3408
DA:114,213
DA:115,20
DA:116,20
DA:117,20
DA:119,213
DA:121,231
DA:123,25
DA:125,25
DA:126,19
DA:129,25
LF:76
LH:76
BRDA:5,0,0,1
BRDA:5,0,1,1
BRDA:34,1,0,7
BRDA:34,1,1,45
BRDA:36,2,0,38
BRDA:36,2,1,7
BRDA:59,3,0,71
BRDA:59,3,1,64
BRDA:61,4,0,3
BRDA:61,4,1,61
BRDA:64,5,0,10
BRDA:64,5,1,54
BRDA:69,6,0,0
BRDA:69,6,1,7
BRDA:69,7,0,7
BRDA:69,7,1,7
BRDA:85,8,0,7
BRDA:85,8,1,231
BRDA:86,9,0,7
BRDA:86,9,1,7
BRDA:98,10,0,18
BRDA:98,10,1,213
BRDA:101,11,0,5
BRDA:101,11,1,13
BRDA:106,12,0,13
BRDA:106,12,1,11
BRDA:107,13,0,1
BRDA:107,13,1,12
BRDA:114,14,0,20
BRDA:114,14,1,193
BRF:30
BRH:29
end_of_record
TN:
SF:src/index.ts
FN:13,(anonymous_4)
FN:20,(anonymous_5)
FNF:2
FNH:2
FNDA:1,(anonymous_4)
FNDA:18,(anonymous_5)
DA:1,1
DA:2,1
DA:3,1
DA:5,1
DA:6,1
DA:7,1
DA:8,1
DA:14,1
DA:15,1
DA:17,1
DA:21,18
DA:22,18
DA:25,18
LF:13
LH:13
BRF:0
BRH:0
end_of_record
TN:
SF:src/param_parser.ts
FN:5,(anonymous_0)
FN:10,isBoolean
FN:17,(anonymous_2)
FN:19,(anonymous_3)
FN:20,(anonymous_4)
FN:24,(anonymous_5)
FN:40,(anonymous_6)
FN:42,(anonymous_7)
FN:62,(anonymous_8)
FN:68,(anonymous_9)
FN:73,(anonymous_10)
FN:78,(anonymous_11)
FNF:12
FNH:10
FNDA:1,(anonymous_0)
FNDA:6,isBoolean
FNDA:1,(anonymous_2)
FNDA:17,(anonymous_3)
FNDA:17,(anonymous_4)
FNDA:3,(anonymous_5)
FNDA:21,(anonymous_6)
FNDA:15,(anonymous_7)
FNDA:0,(anonymous_8)
FNDA:0,(anonymous_9)
FNDA:18,(anonymous_10)
FNDA:38,(anonymous_11)
DA:1,1
DA:5,1
DA:6,1
DA:7,1
DA:11,6
DA:15,1
DA:18,1
DA:19,1
DA:20,17
DA:21,17
DA:22,17
DA:23,3
DA:24,3
DA:25,3
DA:26,3
DA:27,3
DA:30,3
DA:31,3
DA:32,3
DA:33,2
DA:35,2
DA:38,14
DA:40,1
DA:41,21
DA:42,21
DA:43,15
DA:44,15
DA:46,15
DA:49,21
DA:50,21
DA:51,21
DA:52,21
DA:53,15
DA:54,4
DA:56,8
DA:58,1
DA:63,0
DA:64,0
DA:69,0
DA:74,18
DA:76,18
DA:78,18
DA:79,38
DA:80,38
DA:82,0
LF:45
LH:41
BRDA:5,0,0,1
BRDA:5,0,1,1
BRDA:11,1,0,6
BRDA:11,1,1,1
BRDA:11,1,2,5
BRDA:11,1,3,1
BRDA:22,2,0,3
BRDA:22,2,1,14
BRDA:31,3,0,3
BRDA:31,3,1,0
BRDA:32,4,0,1
BRDA:32,4,1,2
BRDA:33,5,0,0
BRDA:33,5,1,2
BRDA:52,6,0,15
BRDA:52,6,1,6
BRDA:53,7,0,11
BRDA:53,7,1,4
BRDA:54,8,0,2
BRDA:54,8,1,2
BRDA:63,9,0,0
BRDA:63,9,1,0
BRDA:76,10,0,0
BRDA:76,10,1,18
BRDA:82,11,0,0
BRDA:82,11,1,0
BRF:26
BRH:19
end_of_record
