{"/Users/archersado/workspace/hit/src/calculation.ts": {"path":"/Users/archersado/workspace/hit/src/calculation.ts","statementMap":{"0":{"start":{"line":1,"column":13},"end":{"line":18,"column":null}},"1":{"start":{"line":27,"column":8},"end":{"line":27,"column":28}},"2":{"start":{"line":28,"column":8},"end":{"line":28,"column":38}},"3":{"start":{"line":29,"column":8},"end":{"line":125,"column":null}},"4":{"start":{"line":30,"column":30},"end":{"line":30,"column":44}},"5":{"start":{"line":31,"column":38},"end":{"line":31,"column":47}},"6":{"start":{"line":33,"column":12},"end":{"line":120,"column":null}},"7":{"start":{"line":35,"column":20},"end":{"line":41,"column":null}},"8":{"start":{"line":36,"column":24},"end":{"line":38,"column":null}},"9":{"start":{"line":37,"column":28},"end":{"line":37,"column":48}},"10":{"start":{"line":40,"column":24},"end":{"line":40,"column":50}},"11":{"start":{"line":42,"column":20},"end":{"line":42,"column":26}},"12":{"start":{"line":44,"column":20},"end":{"line":46,"column":22}},"13":{"start":{"line":45,"column":24},"end":{"line":45,"column":50}},"14":{"start":{"line":47,"column":20},"end":{"line":47,"column":26}},"15":{"start":{"line":49,"column":20},"end":{"line":51,"column":22}},"16":{"start":{"line":50,"column":24},"end":{"line":50,"column":46}},"17":{"start":{"line":52,"column":20},"end":{"line":52,"column":26}},"18":{"start":{"line":54,"column":20},"end":{"line":56,"column":22}},"19":{"start":{"line":55,"column":24},"end":{"line":55,"column":45}},"20":{"start":{"line":57,"column":20},"end":{"line":57,"column":26}},"21":{"start":{"line":59,"column":20},"end":{"line":61,"column":22}},"22":{"start":{"line":60,"column":24},"end":{"line":60,"column":49}},"23":{"start":{"line":62,"column":20},"end":{"line":62,"column":26}},"24":{"start":{"line":64,"column":20},"end":{"line":66,"column":22}},"25":{"start":{"line":65,"column":24},"end":{"line":65,"column":49}},"26":{"start":{"line":67,"column":20},"end":{"line":67,"column":26}},"27":{"start":{"line":69,"column":20},"end":{"line":71,"column":22}},"28":{"start":{"line":70,"column":24},"end":{"line":70,"column":44}},"29":{"start":{"line":72,"column":20},"end":{"line":72,"column":26}},"30":{"start":{"line":74,"column":20},"end":{"line":76,"column":22}},"31":{"start":{"line":75,"column":24},"end":{"line":75,"column":44}},"32":{"start":{"line":77,"column":20},"end":{"line":77,"column":26}},"33":{"start":{"line":79,"column":20},"end":{"line":81,"column":22}},"34":{"start":{"line":80,"column":24},"end":{"line":80,"column":44}},"35":{"start":{"line":82,"column":20},"end":{"line":82,"column":26}},"36":{"start":{"line":84,"column":20},"end":{"line":86,"column":22}},"37":{"start":{"line":85,"column":24},"end":{"line":85,"column":44}},"38":{"start":{"line":87,"column":20},"end":{"line":87,"column":26}},"39":{"start":{"line":89,"column":20},"end":{"line":91,"column":22}},"40":{"start":{"line":90,"column":24},"end":{"line":90,"column":45}},"41":{"start":{"line":92,"column":20},"end":{"line":92,"column":26}},"42":{"start":{"line":94,"column":20},"end":{"line":96,"column":22}},"43":{"start":{"line":95,"column":24},"end":{"line":95,"column":45}},"44":{"start":{"line":97,"column":20},"end":{"line":97,"column":26}},"45":{"start":{"line":99,"column":20},"end":{"line":101,"column":22}},"46":{"start":{"line":100,"column":24},"end":{"line":100,"column":45}},"47":{"start":{"line":102,"column":20},"end":{"line":102,"column":26}},"48":{"start":{"line":104,"column":20},"end":{"line":106,"column":22}},"49":{"start":{"line":105,"column":24},"end":{"line":105,"column":46}},"50":{"start":{"line":107,"column":20},"end":{"line":107,"column":26}},"51":{"start":{"line":109,"column":20},"end":{"line":111,"column":22}},"52":{"start":{"line":110,"column":24},"end":{"line":110,"column":45}},"53":{"start":{"line":112,"column":20},"end":{"line":112,"column":26}},"54":{"start":{"line":114,"column":20},"end":{"line":116,"column":22}},"55":{"start":{"line":115,"column":24},"end":{"line":115,"column":46}},"56":{"start":{"line":117,"column":20},"end":{"line":117,"column":26}},"57":{"start":{"line":119,"column":20},"end":{"line":119,"column":26}},"58":{"start":{"line":121,"column":12},"end":{"line":124,"column":null}},"59":{"start":{"line":122,"column":16},"end":{"line":122,"column":49}},"60":{"start":{"line":123,"column":16},"end":{"line":123,"column":58}},"61":{"start":{"line":126,"column":8},"end":{"line":126,"column":20}},"62":{"start":{"line":130,"column":8},"end":{"line":130,"column":30}},"63":{"start":{"line":134,"column":8},"end":{"line":136,"column":null}},"64":{"start":{"line":135,"column":12},"end":{"line":135,"column":55}},"65":{"start":{"line":137,"column":8},"end":{"line":137,"column":51}},"66":{"start":{"line":141,"column":8},"end":{"line":141,"column":43}},"67":{"start":{"line":146,"column":28},"end":{"line":146,"column":59}},"68":{"start":{"line":148,"column":8},"end":{"line":148,"column":83}},"69":{"start":{"line":148,"column":26},"end":{"line":148,"column":83}},"70":{"start":{"line":150,"column":8},"end":{"line":154,"column":null}},"71":{"start":{"line":151,"column":12},"end":{"line":151,"column":44}},"72":{"start":{"line":153,"column":12},"end":{"line":153,"column":74}},"73":{"start":{"line":23,"column":0},"end":{"line":23,"column":21}}},"fnMap":{"0":{"name":"(anonymous_0)","decl":{"start":{"line":26,"column":4},"end":{"line":26,"column":null}},"loc":{"start":{"line":26,"column":4},"end":{"line":127,"column":5}}},"1":{"name":"(anonymous_1)","decl":{"start":{"line":35,"column":34},"end":{"line":35,"column":43}},"loc":{"start":{"line":35,"column":54},"end":{"line":41,"column":21}}},"2":{"name":"(anonymous_2)","decl":{"start":{"line":44,"column":34},"end":{"line":44,"column":43}},"loc":{"start":{"line":44,"column":54},"end":{"line":46,"column":21}}},"3":{"name":"(anonymous_3)","decl":{"start":{"line":49,"column":34},"end":{"line":49,"column":43}},"loc":{"start":{"line":49,"column":54},"end":{"line":51,"column":21}}},"4":{"name":"(anonymous_4)","decl":{"start":{"line":54,"column":34},"end":{"line":54,"column":43}},"loc":{"start":{"line":54,"column":54},"end":{"line":56,"column":21}}},"5":{"name":"(anonymous_5)","decl":{"start":{"line":59,"column":34},"end":{"line":59,"column":43}},"loc":{"start":{"line":59,"column":54},"end":{"line":61,"column":21}}},"6":{"name":"(anonymous_6)","decl":{"start":{"line":64,"column":34},"end":{"line":64,"column":43}},"loc":{"start":{"line":64,"column":54},"end":{"line":66,"column":21}}},"7":{"name":"(anonymous_7)","decl":{"start":{"line":69,"column":34},"end":{"line":69,"column":43}},"loc":{"start":{"line":69,"column":54},"end":{"line":71,"column":21}}},"8":{"name":"(anonymous_8)","decl":{"start":{"line":74,"column":34},"end":{"line":74,"column":43}},"loc":{"start":{"line":74,"column":54},"end":{"line":76,"column":21}}},"9":{"name":"(anonymous_9)","decl":{"start":{"line":79,"column":34},"end":{"line":79,"column":43}},"loc":{"start":{"line":79,"column":54},"end":{"line":81,"column":21}}},"10":{"name":"(anonymous_10)","decl":{"start":{"line":84,"column":34},"end":{"line":84,"column":43}},"loc":{"start":{"line":84,"column":54},"end":{"line":86,"column":21}}},"11":{"name":"(anonymous_11)","decl":{"start":{"line":89,"column":34},"end":{"line":89,"column":43}},"loc":{"start":{"line":89,"column":54},"end":{"line":91,"column":21}}},"12":{"name":"(anonymous_12)","decl":{"start":{"line":94,"column":34},"end":{"line":94,"column":43}},"loc":{"start":{"line":94,"column":54},"end":{"line":96,"column":21}}},"13":{"name":"(anonymous_13)","decl":{"start":{"line":99,"column":34},"end":{"line":99,"column":43}},"loc":{"start":{"line":99,"column":54},"end":{"line":101,"column":21}}},"14":{"name":"(anonymous_14)","decl":{"start":{"line":104,"column":34},"end":{"line":104,"column":43}},"loc":{"start":{"line":104,"column":54},"end":{"line":106,"column":21}}},"15":{"name":"(anonymous_15)","decl":{"start":{"line":109,"column":34},"end":{"line":109,"column":43}},"loc":{"start":{"line":109,"column":54},"end":{"line":111,"column":21}}},"16":{"name":"(anonymous_16)","decl":{"start":{"line":114,"column":34},"end":{"line":114,"column":43}},"loc":{"start":{"line":114,"column":54},"end":{"line":116,"column":21}}},"17":{"name":"(anonymous_17)","decl":{"start":{"line":129,"column":4},"end":{"line":129,"column":15}},"loc":{"start":{"line":129,"column":15},"end":{"line":131,"column":5}}},"18":{"name":"(anonymous_18)","decl":{"start":{"line":133,"column":4},"end":{"line":133,"column":7}},"loc":{"start":{"line":133,"column":50},"end":{"line":138,"column":5}}},"19":{"name":"(anonymous_19)","decl":{"start":{"line":140,"column":4},"end":{"line":140,"column":10}},"loc":{"start":{"line":140,"column":27},"end":{"line":142,"column":5}}},"20":{"name":"(anonymous_20)","decl":{"start":{"line":145,"column":4},"end":{"line":145,"column":7}},"loc":{"start":{"line":145,"column":29},"end":{"line":155,"column":5}}}},"branchMap":{"0":{"loc":{"start":{"line":34,"column":16},"end":{"line":42,"column":26}},"type":"switch","locations":[{"start":{"line":34,"column":16},"end":{"line":42,"column":26}},{"start":{"line":43,"column":16},"end":{"line":47,"column":26}},{"start":{"line":48,"column":16},"end":{"line":52,"column":26}},{"start":{"line":53,"column":16},"end":{"line":57,"column":26}},{"start":{"line":58,"column":16},"end":{"line":62,"column":26}},{"start":{"line":63,"column":16},"end":{"line":67,"column":26}},{"start":{"line":68,"column":16},"end":{"line":72,"column":26}},{"start":{"line":73,"column":16},"end":{"line":77,"column":26}},{"start":{"line":78,"column":16},"end":{"line":82,"column":26}},{"start":{"line":83,"column":16},"end":{"line":87,"column":26}},{"start":{"line":88,"column":16},"end":{"line":92,"column":26}},{"start":{"line":93,"column":16},"end":{"line":97,"column":26}},{"start":{"line":98,"column":16},"end":{"line":102,"column":26}},{"start":{"line":103,"column":16},"end":{"line":107,"column":26}},{"start":{"line":108,"column":16},"end":{"line":112,"column":26}},{"start":{"line":113,"column":16},"end":{"line":117,"column":26}},{"start":{"line":118,"column":16},"end":{"line":119,"column":26}}]},"1":{"loc":{"start":{"line":36,"column":24},"end":{"line":38,"column":null}},"type":"if","locations":[{"start":{"line":36,"column":24},"end":{"line":38,"column":null}},{"start":{"line":36,"column":24},"end":{"line":38,"column":null}}]},"2":{"loc":{"start":{"line":36,"column":28},"end":{"line":36,"column":40}},"type":"binary-expr","locations":[{"start":{"line":36,"column":28},"end":{"line":36,"column":40}},{"start":{"line":36,"column":44},"end":{"line":36,"column":57}}]},"3":{"loc":{"start":{"line":60,"column":31},"end":{"line":60,"column":37}},"type":"binary-expr","locations":[{"start":{"line":60,"column":31},"end":{"line":60,"column":37}},{"start":{"line":60,"column":41},"end":{"line":60,"column":48}}]},"4":{"loc":{"start":{"line":65,"column":31},"end":{"line":65,"column":37}},"type":"binary-expr","locations":[{"start":{"line":65,"column":31},"end":{"line":65,"column":37}},{"start":{"line":65,"column":41},"end":{"line":65,"column":48}}]},"5":{"loc":{"start":{"line":121,"column":12},"end":{"line":124,"column":null}},"type":"if","locations":[{"start":{"line":121,"column":12},"end":{"line":124,"column":null}},{"start":{"line":121,"column":12},"end":{"line":124,"column":null}}]},"6":{"loc":{"start":{"line":134,"column":8},"end":{"line":136,"column":null}},"type":"if","locations":[{"start":{"line":134,"column":8},"end":{"line":136,"column":null}},{"start":{"line":134,"column":8},"end":{"line":136,"column":null}}]},"7":{"loc":{"start":{"line":148,"column":8},"end":{"line":148,"column":83}},"type":"if","locations":[{"start":{"line":148,"column":8},"end":{"line":148,"column":83}},{"start":{"line":148,"column":8},"end":{"line":148,"column":83}}]},"8":{"loc":{"start":{"line":153,"column":37},"end":{"line":153,"column":46}},"type":"binary-expr","locations":[{"start":{"line":153,"column":37},"end":{"line":153,"column":46}},{"start":{"line":153,"column":50},"end":{"line":153,"column":51}}]}},"s":{"0":1,"1":1,"2":1,"3":1,"4":16,"5":16,"6":16,"7":1,"8":7,"9":0,"10":7,"11":1,"12":1,"13":0,"14":1,"15":1,"16":8,"17":1,"18":1,"19":0,"20":1,"21":1,"22":1,"23":1,"24":1,"25":0,"26":1,"27":1,"28":1,"29":1,"30":1,"31":0,"32":1,"33":1,"34":1,"35":1,"36":1,"37":0,"38":1,"39":1,"40":0,"41":1,"42":1,"43":0,"44":1,"45":1,"46":0,"47":1,"48":1,"49":2,"50":1,"51":1,"52":0,"53":1,"54":1,"55":0,"56":1,"57":0,"58":16,"59":16,"60":16,"61":1,"62":21,"63":0,"64":0,"65":0,"66":0,"67":20,"68":20,"69":0,"70":20,"71":20,"72":0,"73":1},"f":{"0":1,"1":7,"2":0,"3":8,"4":0,"5":1,"6":0,"7":1,"8":0,"9":1,"10":0,"11":0,"12":0,"13":0,"14":2,"15":0,"16":0,"17":21,"18":0,"19":0,"20":20},"b":{"0":[1,1,1,1,1,1,1,1,1,1,1,1,1,1,1,1,0],"1":[0,7],"2":[7,7],"3":[1,1],"4":[0,0],"5":[16,0],"6":[0,0],"7":[0,20],"8":[0,0]}}
,"/Users/archersado/workspace/hit/src/expression.ts": {"path":"/Users/archersado/workspace/hit/src/expression.ts","statementMap":{"0":{"start":{"line":2,"column":0},"end":{"line":2,"column":33}},"1":{"start":{"line":5,"column":0},"end":{"line":5,"column":null}},"2":{"start":{"line":6,"column":4},"end":{"line":6,"column":null}},"3":{"start":{"line":7,"column":4},"end":{"line":7,"column":null}},"4":{"start":{"line":20,"column":8},"end":{"line":20,"column":31}},"5":{"start":{"line":21,"column":8},"end":{"line":21,"column":32}},"6":{"start":{"line":22,"column":8},"end":{"line":22,"column":31}},"7":{"start":{"line":23,"column":8},"end":{"line":23,"column":39}},"8":{"start":{"line":24,"column":8},"end":{"line":24,"column":58}},"9":{"start":{"line":25,"column":8},"end":{"line":25,"column":29}},"10":{"start":{"line":26,"column":8},"end":{"line":26,"column":56}},"11":{"start":{"line":30,"column":8},"end":{"line":30,"column":37}},"12":{"start":{"line":34,"column":20},"end":{"line":34,"column":27}},"13":{"start":{"line":35,"column":8},"end":{"line":35,"column":75}},"14":{"start":{"line":35,"column":32},"end":{"line":35,"column":75}},"15":{"start":{"line":36,"column":8},"end":{"line":36,"column":41}},"16":{"start":{"line":40,"column":8},"end":{"line":40,"column":43}},"17":{"start":{"line":44,"column":25},"end":{"line":44,"column":51}},"18":{"start":{"line":45,"column":22},"end":{"line":45,"column":47}},"19":{"start":{"line":46,"column":21},"end":{"line":46,"column":46}},"20":{"start":{"line":47,"column":23},"end":{"line":47,"column":66}},"21":{"start":{"line":49,"column":8},"end":{"line":49,"column":42}},"22":{"start":{"line":53,"column":18},"end":{"line":53,"column":19}},"23":{"start":{"line":54,"column":27},"end":{"line":54,"column":29}},"24":{"start":{"line":55,"column":42},"end":{"line":55,"column":44}},"25":{"start":{"line":56,"column":31},"end":{"line":56,"column":53}},"26":{"start":{"line":58,"column":8},"end":{"line":101,"column":null}},"27":{"start":{"line":59,"column":32},"end":{"line":59,"column":59}},"28":{"start":{"line":61,"column":12},"end":{"line":75,"column":null}},"29":{"start":{"line":62,"column":16},"end":{"line":62,"column":57}},"30":{"start":{"line":63,"column":39},"end":{"line":63,"column":82}},"31":{"start":{"line":64,"column":35},"end":{"line":64,"column":67}},"32":{"start":{"line":65,"column":16},"end":{"line":74,"column":null}},"33":{"start":{"line":66,"column":54},"end":{"line":66,"column":64}},"34":{"start":{"line":67,"column":35},"end":{"line":67,"column":117}},"35":{"start":{"line":69,"column":20},"end":{"line":69,"column":45}},"36":{"start":{"line":70,"column":20},"end":{"line":70,"column":74}},"37":{"start":{"line":71,"column":20},"end":{"line":71,"column":38}},"38":{"start":{"line":72,"column":20},"end":{"line":72,"column":43}},"39":{"start":{"line":73,"column":20},"end":{"line":73,"column":29}},"40":{"start":{"line":77,"column":12},"end":{"line":99,"column":null}},"41":{"start":{"line":78,"column":37},"end":{"line":78,"column":56}},"42":{"start":{"line":79,"column":35},"end":{"line":79,"column":108}},"43":{"start":{"line":79,"column":68},"end":{"line":79,"column":107}},"44":{"start":{"line":80,"column":16},"end":{"line":90,"column":null}},"45":{"start":{"line":81,"column":20},"end":{"line":81,"column":67}},"46":{"start":{"line":83,"column":45},"end":{"line":83,"column":73}},"47":{"start":{"line":84,"column":40},"end":{"line":84,"column":66}},"48":{"start":{"line":85,"column":48},"end":{"line":85,"column":80}},"49":{"start":{"line":86,"column":20},"end":{"line":86,"column":80}},"50":{"start":{"line":86,"column":65},"end":{"line":86,"column":80}},"51":{"start":{"line":87,"column":20},"end":{"line":87,"column":61}},"52":{"start":{"line":88,"column":20},"end":{"line":88,"column":47}},"53":{"start":{"line":89,"column":20},"end":{"line":89,"column":43}},"54":{"start":{"line":92,"column":35},"end":{"line":92,"column":97}},"55":{"start":{"line":92,"column":68},"end":{"line":92,"column":96}},"56":{"start":{"line":93,"column":16},"end":{"line":97,"column":null}},"57":{"start":{"line":94,"column":20},"end":{"line":94,"column":null}},"58":{"start":{"line":95,"column":20},"end":{"line":95,"column":38}},"59":{"start":{"line":96,"column":20},"end":{"line":96,"column":80}},"60":{"start":{"line":98,"column":16},"end":{"line":98,"column":63}},"61":{"start":{"line":100,"column":12},"end":{"line":100,"column":18}},"62":{"start":{"line":102,"column":8},"end":{"line":102,"column":57}},"63":{"start":{"line":102,"column":26},"end":{"line":102,"column":57}},"64":{"start":{"line":104,"column":8},"end":{"line":106,"column":null}},"65":{"start":{"line":105,"column":12},"end":{"line":105,"column":27}},"66":{"start":{"line":108,"column":8},"end":{"line":108,"column":36}},"67":{"start":{"line":10,"column":0},"end":{"line":10,"column":21}}},"fnMap":{"0":{"name":"(anonymous_0)","decl":{"start":{"line":5,"column":0},"end":{"line":5,"column":12}},"loc":{"start":{"line":5,"column":20},"end":{"line":8,"column":1}}},"1":{"name":"(anonymous_1)","decl":{"start":{"line":19,"column":4},"end":{"line":19,"column":16}},"loc":{"start":{"line":19,"column":111},"end":{"line":27,"column":5}}},"2":{"name":"(anonymous_2)","decl":{"start":{"line":29,"column":4},"end":{"line":29,"column":23}},"loc":{"start":{"line":29,"column":23},"end":{"line":31,"column":5}}},"3":{"name":"(anonymous_3)","decl":{"start":{"line":33,"column":4},"end":{"line":33,"column":15}},"loc":{"start":{"line":33,"column":23},"end":{"line":37,"column":5}}},"4":{"name":"(anonymous_4)","decl":{"start":{"line":39,"column":4},"end":{"line":39,"column":16}},"loc":{"start":{"line":39,"column":16},"end":{"line":41,"column":5}}},"5":{"name":"(anonymous_5)","decl":{"start":{"line":43,"column":4},"end":{"line":43,"column":11}},"loc":{"start":{"line":43,"column":11},"end":{"line":50,"column":5}}},"6":{"name":"(anonymous_6)","decl":{"start":{"line":52,"column":4},"end":{"line":52,"column":7}},"loc":{"start":{"line":52,"column":7},"end":{"line":109,"column":5}}},"7":{"name":"(anonymous_7)","decl":{"start":{"line":79,"column":62},"end":{"line":79,"column":64}},"loc":{"start":{"line":79,"column":68},"end":{"line":79,"column":107}}},"8":{"name":"(anonymous_8)","decl":{"start":{"line":92,"column":62},"end":{"line":92,"column":64}},"loc":{"start":{"line":92,"column":68},"end":{"line":92,"column":96}}}},"branchMap":{"0":{"loc":{"start":{"line":5,"column":12},"end":{"line":5,"column":20}},"type":"binary-expr","locations":[{"start":{"line":5,"column":12},"end":{"line":5,"column":20}},{"start":{"line":5,"column":12},"end":{"line":5,"column":null}}]},"1":{"loc":{"start":{"line":35,"column":8},"end":{"line":35,"column":75}},"type":"if","locations":[{"start":{"line":35,"column":8},"end":{"line":35,"column":75}},{"start":{"line":35,"column":8},"end":{"line":35,"column":75}}]},"2":{"loc":{"start":{"line":61,"column":12},"end":{"line":75,"column":null}},"type":"if","locations":[{"start":{"line":61,"column":12},"end":{"line":75,"column":null}},{"start":{"line":61,"column":12},"end":{"line":75,"column":null}}]},"3":{"loc":{"start":{"line":65,"column":16},"end":{"line":74,"column":null}},"type":"if","locations":[{"start":{"line":65,"column":16},"end":{"line":74,"column":null}},{"start":{"line":65,"column":16},"end":{"line":74,"column":null}}]},"4":{"loc":{"start":{"line":77,"column":12},"end":{"line":99,"column":null}},"type":"if","locations":[{"start":{"line":77,"column":12},"end":{"line":99,"column":null}},{"start":{"line":77,"column":12},"end":{"line":99,"column":null}}]},"5":{"loc":{"start":{"line":80,"column":16},"end":{"line":90,"column":null}},"type":"if","locations":[{"start":{"line":80,"column":16},"end":{"line":90,"column":null}},{"start":{"line":80,"column":16},"end":{"line":90,"column":null}}]},"6":{"loc":{"start":{"line":85,"column":48},"end":{"line":85,"column":75}},"type":"binary-expr","locations":[{"start":{"line":85,"column":48},"end":{"line":85,"column":75}},{"start":{"line":85,"column":79},"end":{"line":85,"column":80}}]},"7":{"loc":{"start":{"line":86,"column":20},"end":{"line":86,"column":80}},"type":"if","locations":[{"start":{"line":86,"column":20},"end":{"line":86,"column":80}},{"start":{"line":86,"column":20},"end":{"line":86,"column":80}}]},"8":{"loc":{"start":{"line":93,"column":16},"end":{"line":97,"column":null}},"type":"if","locations":[{"start":{"line":93,"column":16},"end":{"line":97,"column":null}},{"start":{"line":93,"column":16},"end":{"line":97,"column":null}}]},"9":{"loc":{"start":{"line":102,"column":8},"end":{"line":102,"column":57}},"type":"if","locations":[{"start":{"line":102,"column":8},"end":{"line":102,"column":57}},{"start":{"line":102,"column":8},"end":{"line":102,"column":57}}]}},"s":{"0":1,"1":1,"2":1,"3":1,"4":21,"5":21,"6":21,"7":21,"8":21,"9":21,"10":21,"11":13,"12":41,"13":41,"14":34,"15":41,"16":193,"17":20,"18":20,"19":20,"20":20,"21":20,"22":21,"23":21,"24":21,"25":21,"26":21,"27":200,"28":200,"29":7,"30":7,"31":7,"32":7,"33":7,"34":7,"35":7,"36":7,"37":7,"38":7,"39":7,"40":193,"41":18,"42":18,"43":288,"44":18,"45":5,"46":13,"47":13,"48":13,"49":13,"50":1,"51":13,"52":13,"53":13,"54":175,"55":2800,"56":175,"57":20,"58":20,"59":20,"60":175,"61":193,"62":21,"63":14,"64":21,"65":19,"66":21,"67":1},"f":{"0":1,"1":21,"2":13,"3":41,"4":193,"5":20,"6":21,"7":288,"8":2800},"b":{"0":[1,1],"1":[34,7],"2":[7,193],"3":[7,0],"4":[18,175],"5":[5,13],"6":[13,11],"7":[1,12],"8":[20,155],"9":[14,7]}}
,"/Users/archersado/workspace/hit/src/index.ts": {"path":"/Users/archersado/workspace/hit/src/index.ts","statementMap":{"0":{"start":{"line":1,"column":0},"end":{"line":1,"column":7}},"1":{"start":{"line":7,"column":22},"end":{"line":1,"column":41}},"2":{"start":{"line":2,"column":0},"end":{"line":2,"column":38}},"3":{"start":{"line":3,"column":0},"end":{"line":3,"column":7}},"4":{"start":{"line":7,"column":9},"end":{"line":3,"column":40}},"5":{"start":{"line":5,"column":0},"end":{"line":5,"column":30}},"6":{"start":{"line":6,"column":0},"end":{"line":6,"column":31}},"7":{"start":{"line":14,"column":8},"end":{"line":14,"column":39}},"8":{"start":{"line":15,"column":8},"end":{"line":15,"column":36}},"9":{"start":{"line":17,"column":8},"end":{"line":17,"column":20}},"10":{"start":{"line":21,"column":23},"end":{"line":21,"column":62}},"11":{"start":{"line":22,"column":27},"end":{"line":22,"column":86}},"12":{"start":{"line":25,"column":8},"end":{"line":25,"column":32}},"13":{"start":{"line":8,"column":0},"end":{"line":8,"column":21}}},"fnMap":{"0":{"name":"(anonymous_4)","decl":{"start":{"line":13,"column":4},"end":{"line":13,"column":16}},"loc":{"start":{"line":13,"column":48},"end":{"line":18,"column":5}}},"1":{"name":"(anonymous_5)","decl":{"start":{"line":20,"column":4},"end":{"line":20,"column":7}},"loc":{"start":{"line":20,"column":74},"end":{"line":26,"column":5}}}},"branchMap":{},"s":{"0":1,"1":1,"2":1,"3":1,"4":1,"5":1,"6":1,"7":1,"8":1,"9":1,"10":14,"11":14,"12":14,"13":1},"f":{"0":1,"1":14},"b":{}}
,"/Users/archersado/workspace/hit/src/param_parser.ts": {"path":"/Users/archersado/workspace/hit/src/param_parser.ts","statementMap":{"0":{"start":{"line":1,"column":0},"end":{"line":1,"column":35}},"1":{"start":{"line":5,"column":0},"end":{"line":5,"column":null}},"2":{"start":{"line":6,"column":4},"end":{"line":6,"column":null}},"3":{"start":{"line":7,"column":4},"end":{"line":7,"column":null}},"4":{"start":{"line":14,"column":8},"end":{"line":14,"column":35}},"5":{"start":{"line":15,"column":8},"end":{"line":23,"column":11}},"6":{"start":{"line":16,"column":28},"end":{"line":16,"column":65}},"7":{"start":{"line":16,"column":41},"end":{"line":16,"column":65}},"8":{"start":{"line":17,"column":27},"end":{"line":17,"column":42}},"9":{"start":{"line":18,"column":12},"end":{"line":20,"column":null}},"10":{"start":{"line":19,"column":16},"end":{"line":19,"column":64}},"11":{"start":{"line":22,"column":12},"end":{"line":22,"column":28}},"12":{"start":{"line":24,"column":8},"end":{"line":32,"column":11}},"13":{"start":{"line":25,"column":28},"end":{"line":25,"column":69}},"14":{"start":{"line":25,"column":41},"end":{"line":25,"column":69}},"15":{"start":{"line":26,"column":27},"end":{"line":26,"column":42}},"16":{"start":{"line":27,"column":12},"end":{"line":29,"column":null}},"17":{"start":{"line":28,"column":16},"end":{"line":28,"column":72}},"18":{"start":{"line":31,"column":12},"end":{"line":31,"column":28}},"19":{"start":{"line":33,"column":8},"end":{"line":33,"column":20}},"20":{"start":{"line":38,"column":8},"end":{"line":40,"column":null}},"21":{"start":{"line":39,"column":12},"end":{"line":39,"column":48}},"22":{"start":{"line":44,"column":8},"end":{"line":44,"column":39}},"23":{"start":{"line":49,"column":23},"end":{"line":49,"column":50}},"24":{"start":{"line":51,"column":8},"end":{"line":51,"column":80}},"25":{"start":{"line":51,"column":21},"end":{"line":51,"column":80}},"26":{"start":{"line":53,"column":8},"end":{"line":59,"column":null}},"27":{"start":{"line":54,"column":12},"end":{"line":58,"column":null}},"28":{"start":{"line":55,"column":16},"end":{"line":55,"column":49}},"29":{"start":{"line":57,"column":16},"end":{"line":57,"column":86}},"30":{"start":{"line":11,"column":0},"end":{"line":11,"column":21}}},"fnMap":{"0":{"name":"(anonymous_0)","decl":{"start":{"line":5,"column":0},"end":{"line":5,"column":12}},"loc":{"start":{"line":5,"column":24},"end":{"line":8,"column":1}}},"1":{"name":"(anonymous_1)","decl":{"start":{"line":13,"column":4},"end":{"line":13,"column":null}},"loc":{"start":{"line":13,"column":4},"end":{"line":34,"column":5}}},"2":{"name":"(anonymous_2)","decl":{"start":{"line":15,"column":48},"end":{"line":15,"column":58}},"loc":{"start":{"line":15,"column":91},"end":{"line":23,"column":9}}},"3":{"name":"(anonymous_3)","decl":{"start":{"line":16,"column":28},"end":{"line":16,"column":37}},"loc":{"start":{"line":16,"column":41},"end":{"line":16,"column":65}}},"4":{"name":"(anonymous_4)","decl":{"start":{"line":24,"column":50},"end":{"line":24,"column":60}},"loc":{"start":{"line":24,"column":93},"end":{"line":32,"column":9}}},"5":{"name":"(anonymous_5)","decl":{"start":{"line":25,"column":28},"end":{"line":25,"column":37}},"loc":{"start":{"line":25,"column":41},"end":{"line":25,"column":69}}},"6":{"name":"(anonymous_6)","decl":{"start":{"line":37,"column":4},"end":{"line":37,"column":7}},"loc":{"start":{"line":37,"column":43},"end":{"line":41,"column":5}}},"7":{"name":"(anonymous_7)","decl":{"start":{"line":43,"column":4},"end":{"line":43,"column":10}},"loc":{"start":{"line":43,"column":26},"end":{"line":45,"column":5}}},"8":{"name":"(anonymous_8)","decl":{"start":{"line":48,"column":4},"end":{"line":48,"column":13}},"loc":{"start":{"line":48,"column":21},"end":{"line":60,"column":5}}},"9":{"name":"(anonymous_9)","decl":{"start":{"line":53,"column":15},"end":{"line":53,"column":24}},"loc":{"start":{"line":53,"column":41},"end":{"line":59,"column":9}}}},"branchMap":{"0":{"loc":{"start":{"line":5,"column":12},"end":{"line":5,"column":24}},"type":"binary-expr","locations":[{"start":{"line":5,"column":12},"end":{"line":5,"column":24}},{"start":{"line":5,"column":12},"end":{"line":5,"column":null}}]},"1":{"loc":{"start":{"line":18,"column":12},"end":{"line":20,"column":null}},"type":"if","locations":[{"start":{"line":18,"column":12},"end":{"line":20,"column":null}},{"start":{"line":18,"column":12},"end":{"line":20,"column":null}}]},"2":{"loc":{"start":{"line":27,"column":12},"end":{"line":29,"column":null}},"type":"if","locations":[{"start":{"line":27,"column":12},"end":{"line":29,"column":null}},{"start":{"line":27,"column":12},"end":{"line":29,"column":null}}]},"3":{"loc":{"start":{"line":38,"column":8},"end":{"line":40,"column":null}},"type":"if","locations":[{"start":{"line":38,"column":8},"end":{"line":40,"column":null}},{"start":{"line":38,"column":8},"end":{"line":40,"column":null}}]},"4":{"loc":{"start":{"line":51,"column":8},"end":{"line":51,"column":80}},"type":"if","locations":[{"start":{"line":51,"column":8},"end":{"line":51,"column":80}},{"start":{"line":51,"column":8},"end":{"line":51,"column":80}}]},"5":{"loc":{"start":{"line":57,"column":49},"end":{"line":57,"column":58}},"type":"binary-expr","locations":[{"start":{"line":57,"column":49},"end":{"line":57,"column":58}},{"start":{"line":57,"column":62},"end":{"line":57,"column":63}}]}},"s":{"0":1,"1":1,"2":1,"3":1,"4":1,"5":1,"6":15,"7":15,"8":15,"9":15,"10":1,"11":14,"12":1,"13":19,"14":19,"15":19,"16":19,"17":13,"18":6,"19":1,"20":0,"21":0,"22":0,"23":14,"24":14,"25":0,"26":14,"27":34,"28":34,"29":0,"30":1},"f":{"0":1,"1":1,"2":15,"3":15,"4":19,"5":19,"6":0,"7":0,"8":14,"9":34},"b":{"0":[1,1],"1":[1,14],"2":[13,6],"3":[0,0],"4":[0,14],"5":[0,0]}}
}
